2018-12-13 12:22:17.357 DEBUG 7572 --- [background-preinit] .h.v.m.ResourceBundleMessageInterpolator : Loaded expression factory via original TCCL
2018-12-13 12:22:17.366 DEBUG 7572 --- [background-preinit] o.h.v.i.engine.ValidatorFactoryImpl      : HV000234: Using org.hibernate.validator.messageinterpolation.ResourceBundleMessageInterpolator as ValidatorFactory-scoped message interpolator.
2018-12-13 12:22:17.367 DEBUG 7572 --- [background-preinit] o.h.v.i.engine.ValidatorFactoryImpl      : HV000234: Using org.hibernate.validator.internal.engine.resolver.TraverseAllTraversableResolver as ValidatorFactory-scoped traversable resolver.
2018-12-13 12:22:17.367 DEBUG 7572 --- [background-preinit] o.h.v.i.engine.ValidatorFactoryImpl      : HV000234: Using org.hibernate.validator.internal.util.ExecutableParameterNameProvider as ValidatorFactory-scoped parameter name provider.
2018-12-13 12:22:17.369 DEBUG 7572 --- [background-preinit] o.h.v.i.engine.ValidatorFactoryImpl      : HV000234: Using org.hibernate.validator.internal.engine.DefaultClockProvider as ValidatorFactory-scoped clock provider.
2018-12-13 12:22:17.369 DEBUG 7572 --- [background-preinit] o.h.v.i.engine.ValidatorFactoryImpl      : HV000234: Using org.hibernate.validator.internal.engine.scripting.DefaultScriptEvaluatorFactory as ValidatorFactory-scoped script evaluator factory.
2018-12-13 12:22:17.420  INFO 7572 --- [restartedMain] p.p.p.c.s.ScenarioCheckerApplication     : Starting ScenarioCheckerApplication on DESKTOP-EJDIV25 with PID 7572 (C:\Users\artur\Desktop\io2\scenario-quality-checker\target\classes started by artur in C:\Users\artur\Desktop\io2\scenario-quality-checker)
2018-12-13 12:22:17.421  INFO 7572 --- [restartedMain] p.p.p.c.s.ScenarioCheckerApplication     : No active profile set, falling back to default profiles: default
2018-12-13 12:22:17.483  INFO 7572 --- [restartedMain] ConfigServletWebServerApplicationContext : Refreshing org.springframework.boot.web.servlet.context.AnnotationConfigServletWebServerApplicationContext@1482b6cd: startup date [Thu Dec 13 12:22:17 CET 2018]; root of context hierarchy
2018-12-13 12:22:18.910  INFO 7572 --- [restartedMain] o.s.b.w.embedded.tomcat.TomcatWebServer  : Tomcat initialized with port(s): 8080 (http)
2018-12-13 12:22:18.929  INFO 7572 --- [restartedMain] o.apache.catalina.core.StandardService   : Starting service [Tomcat]
2018-12-13 12:22:18.929  INFO 7572 --- [restartedMain] org.apache.catalina.core.StandardEngine  : Starting Servlet Engine: Apache Tomcat/8.5.34
2018-12-13 12:22:18.933  INFO 7572 --- [localhost-startStop-1] o.a.catalina.core.AprLifecycleListener   : The APR based Apache Tomcat Native library which allows optimal performance in production environments was not found on the java.library.path: [C:\Program Files\Java\jdk1.8.0_191\bin;C:\WINDOWS\Sun\Java\bin;C:\WINDOWS\system32;C:\WINDOWS;C:\Program Files (x86)\Common Files\Oracle\Java\javapath;C:\Program Files (x86)\Embarcadero\Studio\19.0\bin;C:\Users\Public\Documents\Embarcadero\Studio\19.0\Bpl;C:\Program Files (x86)\Embarcadero\Studio\19.0\bin64;C:\Users\Public\Documents\Embarcadero\Studio\19.0\Bpl\Win64;C:\ProgramData\Oracle\Java\javapath;C:\WINDOWS\system32;C:\WINDOWS;C:\WINDOWS\System32\Wbem;C:\WINDOWS\System32\WindowsPowerShell\v1.0\;C:\Program Files (x86)\Skype\Phone\;C:\WINDOWS\System32\OpenSSH\;C:\Users\artur\Desktop\python37\Scripts\;C:\Users\artur\Desktop\python37\;C:\Users\artur\AppData\Local\Microsoft\WindowsApps;C:\Users\artur\AppData\Local\Programs\MiKTeX 2.9\miktex\bin\x64\;.]
2018-12-13 12:22:19.027  INFO 7572 --- [localhost-startStop-1] o.a.c.c.C.[Tomcat].[localhost].[/]       : Initializing Spring embedded WebApplicationContext
2018-12-13 12:22:19.028  INFO 7572 --- [localhost-startStop-1] o.s.web.context.ContextLoader            : Root WebApplicationContext: initialization completed in 1545 ms
2018-12-13 12:22:19.090  INFO 7572 --- [localhost-startStop-1] o.s.b.w.servlet.ServletRegistrationBean  : Servlet dispatcherServlet mapped to [/]
2018-12-13 12:22:19.095  INFO 7572 --- [localhost-startStop-1] o.s.b.w.servlet.FilterRegistrationBean   : Mapping filter: 'characterEncodingFilter' to: [/*]
2018-12-13 12:22:19.096  INFO 7572 --- [localhost-startStop-1] o.s.b.w.servlet.FilterRegistrationBean   : Mapping filter: 'hiddenHttpMethodFilter' to: [/*]
2018-12-13 12:22:19.096  INFO 7572 --- [localhost-startStop-1] o.s.b.w.servlet.FilterRegistrationBean   : Mapping filter: 'httpPutFormContentFilter' to: [/*]
2018-12-13 12:22:19.096  INFO 7572 --- [localhost-startStop-1] o.s.b.w.servlet.FilterRegistrationBean   : Mapping filter: 'requestContextFilter' to: [/*]
2018-12-13 12:22:19.152 DEBUG 7572 --- [restartedMain] o.h.v.i.e.resolver.TraversableResolvers  : Cannot find javax.persistence.Persistence on classpath. Assuming non JPA 2 environment. All properties will per default be traversable.
2018-12-13 12:22:19.153 DEBUG 7572 --- [restartedMain] .h.v.m.ResourceBundleMessageInterpolator : Loaded expression factory via original TCCL
2018-12-13 12:22:19.161 DEBUG 7572 --- [restartedMain] o.h.v.i.e.resolver.TraversableResolvers  : Cannot find javax.persistence.Persistence on classpath. Assuming non JPA 2 environment. All properties will per default be traversable.
2018-12-13 12:22:19.162 DEBUG 7572 --- [restartedMain] o.h.v.internal.engine.ConfigurationImpl  : Setting custom MessageInterpolator of type org.springframework.validation.beanvalidation.LocaleContextMessageInterpolator
2018-12-13 12:22:19.163 DEBUG 7572 --- [restartedMain] o.h.v.internal.engine.ConfigurationImpl  : Setting custom ConstraintValidatorFactory of type org.springframework.validation.beanvalidation.SpringConstraintValidatorFactory
2018-12-13 12:22:19.164 DEBUG 7572 --- [restartedMain] o.h.v.internal.engine.ConfigurationImpl  : Setting custom ParameterNameProvider of type org.springframework.validation.beanvalidation.LocalValidatorFactoryBean$1
2018-12-13 12:22:19.165 DEBUG 7572 --- [restartedMain] o.h.v.i.xml.config.ValidationXmlParser   : Trying to load META-INF/validation.xml for XML based Validator configuration.
2018-12-13 12:22:19.166 DEBUG 7572 --- [restartedMain] o.h.v.i.xml.config.ResourceLoaderHelper  : Trying to load META-INF/validation.xml via user class loader
2018-12-13 12:22:19.166 DEBUG 7572 --- [restartedMain] o.h.v.i.xml.config.ResourceLoaderHelper  : Trying to load META-INF/validation.xml via TCCL
2018-12-13 12:22:19.167 DEBUG 7572 --- [restartedMain] o.h.v.i.xml.config.ResourceLoaderHelper  : Trying to load META-INF/validation.xml via Hibernate Validator's class loader
2018-12-13 12:22:19.167 DEBUG 7572 --- [restartedMain] o.h.v.i.xml.config.ValidationXmlParser   : No META-INF/validation.xml found. Using annotation based configuration only.
2018-12-13 12:22:19.172 DEBUG 7572 --- [restartedMain] o.h.v.i.engine.ValidatorFactoryImpl      : HV000234: Using org.springframework.validation.beanvalidation.LocaleContextMessageInterpolator as ValidatorFactory-scoped message interpolator.
2018-12-13 12:22:19.174 DEBUG 7572 --- [restartedMain] o.h.v.i.engine.ValidatorFactoryImpl      : HV000234: Using org.hibernate.validator.internal.engine.resolver.TraverseAllTraversableResolver as ValidatorFactory-scoped traversable resolver.
2018-12-13 12:22:19.174 DEBUG 7572 --- [restartedMain] o.h.v.i.engine.ValidatorFactoryImpl      : HV000234: Using org.hibernate.validator.internal.util.ExecutableParameterNameProvider as ValidatorFactory-scoped parameter name provider.
2018-12-13 12:22:19.174 DEBUG 7572 --- [restartedMain] o.h.v.i.engine.ValidatorFactoryImpl      : HV000234: Using org.hibernate.validator.internal.engine.DefaultClockProvider as ValidatorFactory-scoped clock provider.
2018-12-13 12:22:19.174 DEBUG 7572 --- [restartedMain] o.h.v.i.engine.ValidatorFactoryImpl      : HV000234: Using org.hibernate.validator.internal.engine.scripting.DefaultScriptEvaluatorFactory as ValidatorFactory-scoped script evaluator factory.
2018-12-13 12:22:19.231  INFO 7572 --- [restartedMain] o.s.w.s.handler.SimpleUrlHandlerMapping  : Mapped URL path [/**/favicon.ico] onto handler of type [class org.springframework.web.servlet.resource.ResourceHttpRequestHandler]
2018-12-13 12:22:19.473  INFO 7572 --- [restartedMain] s.w.s.m.m.a.RequestMappingHandlerAdapter : Looking for @ControllerAdvice: org.springframework.boot.web.servlet.context.AnnotationConfigServletWebServerApplicationContext@1482b6cd: startup date [Thu Dec 13 12:22:17 CET 2018]; root of context hierarchy
2018-12-13 12:22:19.530  INFO 7572 --- [restartedMain] s.w.s.m.m.a.RequestMappingHandlerMapping : Mapped "{[],methods=[GET]}" onto public java.lang.String pl.poznan.put.cs.scenariochecker.controller.HomeController.home()
2018-12-13 12:22:19.536  INFO 7572 --- [restartedMain] s.w.s.m.m.a.RequestMappingHandlerMapping : Mapped "{[/count],methods=[POST]}" onto public java.lang.String pl.poznan.put.cs.scenariochecker.controller.ScenarioController.count(pl.poznan.put.cs.scenariochecker.model.Scenario)
2018-12-13 12:22:19.536  INFO 7572 --- [restartedMain] s.w.s.m.m.a.RequestMappingHandlerMapping : Mapped "{[/steps-without-actor],methods=[POST]}" onto public java.util.List<pl.poznan.put.cs.scenariochecker.model.Step> pl.poznan.put.cs.scenariochecker.controller.ScenarioController.retrieveStepsWithoutActor(pl.poznan.put.cs.scenariochecker.model.Scenario)
2018-12-13 12:22:19.537  INFO 7572 --- [restartedMain] s.w.s.m.m.a.RequestMappingHandlerMapping : Mapped "{[/special-steps],methods=[POST]}" onto public java.lang.String pl.poznan.put.cs.scenariochecker.controller.ScenarioController.countSpecialSteps(pl.poznan.put.cs.scenariochecker.model.Scenario)
2018-12-13 12:22:19.537  INFO 7572 --- [restartedMain] s.w.s.m.m.a.RequestMappingHandlerMapping : Mapped "{[/count-steps-without-actor],methods=[POST]}" onto public java.lang.String pl.poznan.put.cs.scenariochecker.controller.ScenarioController.countStepsWithoutActor(pl.poznan.put.cs.scenariochecker.model.Scenario)
2018-12-13 12:22:19.538  INFO 7572 --- [restartedMain] s.w.s.m.m.a.RequestMappingHandlerMapping : Mapped "{[/levels/{level}],methods=[POST]}" onto org.springframework.http.ResponseEntity<java.lang.String> pl.poznan.put.cs.scenariochecker.controller.ScenarioController.returnSubScenarios(pl.poznan.put.cs.scenariochecker.model.Scenario,java.lang.String)
2018-12-13 12:22:19.543  INFO 7572 --- [restartedMain] s.w.s.m.m.a.RequestMappingHandlerMapping : Mapped "{[/error]}" onto public org.springframework.http.ResponseEntity<java.util.Map<java.lang.String, java.lang.Object>> org.springframework.boot.autoconfigure.web.servlet.error.BasicErrorController.error(javax.servlet.http.HttpServletRequest)
2018-12-13 12:22:19.543  INFO 7572 --- [restartedMain] s.w.s.m.m.a.RequestMappingHandlerMapping : Mapped "{[/error],produces=[text/html]}" onto public org.springframework.web.servlet.ModelAndView org.springframework.boot.autoconfigure.web.servlet.error.BasicErrorController.errorHtml(javax.servlet.http.HttpServletRequest,javax.servlet.http.HttpServletResponse)
2018-12-13 12:22:19.571  INFO 7572 --- [restartedMain] o.s.w.s.handler.SimpleUrlHandlerMapping  : Mapped URL path [/webjars/**] onto handler of type [class org.springframework.web.servlet.resource.ResourceHttpRequestHandler]
2018-12-13 12:22:19.571  INFO 7572 --- [restartedMain] o.s.w.s.handler.SimpleUrlHandlerMapping  : Mapped URL path [/**] onto handler of type [class org.springframework.web.servlet.resource.ResourceHttpRequestHandler]
2018-12-13 12:22:19.797  INFO 7572 --- [restartedMain] o.s.b.d.a.OptionalLiveReloadServer       : LiveReload server is running on port 35729
2018-12-13 12:22:19.821  INFO 7572 --- [restartedMain] o.s.j.e.a.AnnotationMBeanExporter        : Registering beans for JMX exposure on startup
2018-12-13 12:22:19.855  INFO 7572 --- [restartedMain] o.s.b.w.embedded.tomcat.TomcatWebServer  : Tomcat started on port(s): 8080 (http) with context path ''
2018-12-13 12:22:19.861  INFO 7572 --- [restartedMain] p.p.p.c.s.ScenarioCheckerApplication     : Started ScenarioCheckerApplication in 2.989 seconds (JVM running for 4.089)
2018-12-13 12:22:58.687  INFO 7572 --- [http-nio-8080-exec-1] o.a.c.c.C.[Tomcat].[localhost].[/]       : Initializing Spring FrameworkServlet 'dispatcherServlet'
2018-12-13 12:22:58.688  INFO 7572 --- [http-nio-8080-exec-1] o.s.web.servlet.DispatcherServlet        : FrameworkServlet 'dispatcherServlet': initialization started
2018-12-13 12:22:58.715  INFO 7572 --- [http-nio-8080-exec-1] o.s.web.servlet.DispatcherServlet        : FrameworkServlet 'dispatcherServlet': initialization completed in 27 ms
2018-12-13 12:29:57.518 DEBUG 6684 --- [background-preinit] .h.v.m.ResourceBundleMessageInterpolator : Loaded expression factory via original TCCL
2018-12-13 12:29:57.527 DEBUG 6684 --- [background-preinit] o.h.v.i.engine.ValidatorFactoryImpl      : HV000234: Using org.hibernate.validator.messageinterpolation.ResourceBundleMessageInterpolator as ValidatorFactory-scoped message interpolator.
2018-12-13 12:29:57.528 DEBUG 6684 --- [background-preinit] o.h.v.i.engine.ValidatorFactoryImpl      : HV000234: Using org.hibernate.validator.internal.engine.resolver.TraverseAllTraversableResolver as ValidatorFactory-scoped traversable resolver.
2018-12-13 12:29:57.528 DEBUG 6684 --- [background-preinit] o.h.v.i.engine.ValidatorFactoryImpl      : HV000234: Using org.hibernate.validator.internal.util.ExecutableParameterNameProvider as ValidatorFactory-scoped parameter name provider.
2018-12-13 12:29:57.528 DEBUG 6684 --- [background-preinit] o.h.v.i.engine.ValidatorFactoryImpl      : HV000234: Using org.hibernate.validator.internal.engine.DefaultClockProvider as ValidatorFactory-scoped clock provider.
2018-12-13 12:29:57.529 DEBUG 6684 --- [background-preinit] o.h.v.i.engine.ValidatorFactoryImpl      : HV000234: Using org.hibernate.validator.internal.engine.scripting.DefaultScriptEvaluatorFactory as ValidatorFactory-scoped script evaluator factory.
2018-12-13 12:29:57.589  INFO 6684 --- [restartedMain] p.p.p.c.s.ScenarioCheckerApplication     : Starting ScenarioCheckerApplication on DESKTOP-EJDIV25 with PID 6684 (C:\Users\artur\Desktop\io2\scenario-quality-checker\target\classes started by artur in C:\Users\artur\Desktop\io2\scenario-quality-checker)
2018-12-13 12:29:57.591  INFO 6684 --- [restartedMain] p.p.p.c.s.ScenarioCheckerApplication     : No active profile set, falling back to default profiles: default
2018-12-13 12:29:57.650  INFO 6684 --- [restartedMain] ConfigServletWebServerApplicationContext : Refreshing org.springframework.boot.web.servlet.context.AnnotationConfigServletWebServerApplicationContext@3bb33028: startup date [Thu Dec 13 12:29:57 CET 2018]; root of context hierarchy
2018-12-13 12:29:59.088  INFO 6684 --- [restartedMain] o.s.b.w.embedded.tomcat.TomcatWebServer  : Tomcat initialized with port(s): 8080 (http)
2018-12-13 12:29:59.107  INFO 6684 --- [restartedMain] o.apache.catalina.core.StandardService   : Starting service [Tomcat]
2018-12-13 12:29:59.107  INFO 6684 --- [restartedMain] org.apache.catalina.core.StandardEngine  : Starting Servlet Engine: Apache Tomcat/8.5.34
2018-12-13 12:29:59.111  INFO 6684 --- [localhost-startStop-1] o.a.catalina.core.AprLifecycleListener   : The APR based Apache Tomcat Native library which allows optimal performance in production environments was not found on the java.library.path: [C:\Program Files\Java\jdk1.8.0_191\bin;C:\WINDOWS\Sun\Java\bin;C:\WINDOWS\system32;C:\WINDOWS;C:\Program Files (x86)\Common Files\Oracle\Java\javapath;C:\Program Files (x86)\Embarcadero\Studio\19.0\bin;C:\Users\Public\Documents\Embarcadero\Studio\19.0\Bpl;C:\Program Files (x86)\Embarcadero\Studio\19.0\bin64;C:\Users\Public\Documents\Embarcadero\Studio\19.0\Bpl\Win64;C:\ProgramData\Oracle\Java\javapath;C:\WINDOWS\system32;C:\WINDOWS;C:\WINDOWS\System32\Wbem;C:\WINDOWS\System32\WindowsPowerShell\v1.0\;C:\Program Files (x86)\Skype\Phone\;C:\WINDOWS\System32\OpenSSH\;C:\Users\artur\Desktop\python37\Scripts\;C:\Users\artur\Desktop\python37\;C:\Users\artur\AppData\Local\Microsoft\WindowsApps;C:\Users\artur\AppData\Local\Programs\MiKTeX 2.9\miktex\bin\x64\;.]
2018-12-13 12:29:59.207  INFO 6684 --- [localhost-startStop-1] o.a.c.c.C.[Tomcat].[localhost].[/]       : Initializing Spring embedded WebApplicationContext
2018-12-13 12:29:59.207  INFO 6684 --- [localhost-startStop-1] o.s.web.context.ContextLoader            : Root WebApplicationContext: initialization completed in 1557 ms
2018-12-13 12:29:59.267  INFO 6684 --- [localhost-startStop-1] o.s.b.w.servlet.ServletRegistrationBean  : Servlet dispatcherServlet mapped to [/]
2018-12-13 12:29:59.271  INFO 6684 --- [localhost-startStop-1] o.s.b.w.servlet.FilterRegistrationBean   : Mapping filter: 'characterEncodingFilter' to: [/*]
2018-12-13 12:29:59.272  INFO 6684 --- [localhost-startStop-1] o.s.b.w.servlet.FilterRegistrationBean   : Mapping filter: 'hiddenHttpMethodFilter' to: [/*]
2018-12-13 12:29:59.272  INFO 6684 --- [localhost-startStop-1] o.s.b.w.servlet.FilterRegistrationBean   : Mapping filter: 'httpPutFormContentFilter' to: [/*]
2018-12-13 12:29:59.272  INFO 6684 --- [localhost-startStop-1] o.s.b.w.servlet.FilterRegistrationBean   : Mapping filter: 'requestContextFilter' to: [/*]
2018-12-13 12:29:59.330 DEBUG 6684 --- [restartedMain] o.h.v.i.e.resolver.TraversableResolvers  : Cannot find javax.persistence.Persistence on classpath. Assuming non JPA 2 environment. All properties will per default be traversable.
2018-12-13 12:29:59.330 DEBUG 6684 --- [restartedMain] .h.v.m.ResourceBundleMessageInterpolator : Loaded expression factory via original TCCL
2018-12-13 12:29:59.339 DEBUG 6684 --- [restartedMain] o.h.v.i.e.resolver.TraversableResolvers  : Cannot find javax.persistence.Persistence on classpath. Assuming non JPA 2 environment. All properties will per default be traversable.
2018-12-13 12:29:59.340 DEBUG 6684 --- [restartedMain] o.h.v.internal.engine.ConfigurationImpl  : Setting custom MessageInterpolator of type org.springframework.validation.beanvalidation.LocaleContextMessageInterpolator
2018-12-13 12:29:59.341 DEBUG 6684 --- [restartedMain] o.h.v.internal.engine.ConfigurationImpl  : Setting custom ConstraintValidatorFactory of type org.springframework.validation.beanvalidation.SpringConstraintValidatorFactory
2018-12-13 12:29:59.341 DEBUG 6684 --- [restartedMain] o.h.v.internal.engine.ConfigurationImpl  : Setting custom ParameterNameProvider of type org.springframework.validation.beanvalidation.LocalValidatorFactoryBean$1
2018-12-13 12:29:59.342 DEBUG 6684 --- [restartedMain] o.h.v.i.xml.config.ValidationXmlParser   : Trying to load META-INF/validation.xml for XML based Validator configuration.
2018-12-13 12:29:59.343 DEBUG 6684 --- [restartedMain] o.h.v.i.xml.config.ResourceLoaderHelper  : Trying to load META-INF/validation.xml via user class loader
2018-12-13 12:29:59.343 DEBUG 6684 --- [restartedMain] o.h.v.i.xml.config.ResourceLoaderHelper  : Trying to load META-INF/validation.xml via TCCL
2018-12-13 12:29:59.343 DEBUG 6684 --- [restartedMain] o.h.v.i.xml.config.ResourceLoaderHelper  : Trying to load META-INF/validation.xml via Hibernate Validator's class loader
2018-12-13 12:29:59.344 DEBUG 6684 --- [restartedMain] o.h.v.i.xml.config.ValidationXmlParser   : No META-INF/validation.xml found. Using annotation based configuration only.
2018-12-13 12:29:59.349 DEBUG 6684 --- [restartedMain] o.h.v.i.engine.ValidatorFactoryImpl      : HV000234: Using org.springframework.validation.beanvalidation.LocaleContextMessageInterpolator as ValidatorFactory-scoped message interpolator.
2018-12-13 12:29:59.349 DEBUG 6684 --- [restartedMain] o.h.v.i.engine.ValidatorFactoryImpl      : HV000234: Using org.hibernate.validator.internal.engine.resolver.TraverseAllTraversableResolver as ValidatorFactory-scoped traversable resolver.
2018-12-13 12:29:59.350 DEBUG 6684 --- [restartedMain] o.h.v.i.engine.ValidatorFactoryImpl      : HV000234: Using org.hibernate.validator.internal.util.ExecutableParameterNameProvider as ValidatorFactory-scoped parameter name provider.
2018-12-13 12:29:59.350 DEBUG 6684 --- [restartedMain] o.h.v.i.engine.ValidatorFactoryImpl      : HV000234: Using org.hibernate.validator.internal.engine.DefaultClockProvider as ValidatorFactory-scoped clock provider.
2018-12-13 12:29:59.350 DEBUG 6684 --- [restartedMain] o.h.v.i.engine.ValidatorFactoryImpl      : HV000234: Using org.hibernate.validator.internal.engine.scripting.DefaultScriptEvaluatorFactory as ValidatorFactory-scoped script evaluator factory.
2018-12-13 12:29:59.401  INFO 6684 --- [restartedMain] o.s.w.s.handler.SimpleUrlHandlerMapping  : Mapped URL path [/**/favicon.ico] onto handler of type [class org.springframework.web.servlet.resource.ResourceHttpRequestHandler]
2018-12-13 12:29:59.577  INFO 6684 --- [restartedMain] s.w.s.m.m.a.RequestMappingHandlerAdapter : Looking for @ControllerAdvice: org.springframework.boot.web.servlet.context.AnnotationConfigServletWebServerApplicationContext@3bb33028: startup date [Thu Dec 13 12:29:57 CET 2018]; root of context hierarchy
2018-12-13 12:29:59.631  INFO 6684 --- [restartedMain] s.w.s.m.m.a.RequestMappingHandlerMapping : Mapped "{[],methods=[GET]}" onto public java.lang.String pl.poznan.put.cs.scenariochecker.controller.HomeController.home()
2018-12-13 12:29:59.636  INFO 6684 --- [restartedMain] s.w.s.m.m.a.RequestMappingHandlerMapping : Mapped "{[/count],methods=[POST]}" onto public java.lang.String pl.poznan.put.cs.scenariochecker.controller.ScenarioController.count(pl.poznan.put.cs.scenariochecker.model.Scenario)
2018-12-13 12:29:59.636  INFO 6684 --- [restartedMain] s.w.s.m.m.a.RequestMappingHandlerMapping : Mapped "{[/count-steps-without-actor],methods=[POST]}" onto public java.lang.String pl.poznan.put.cs.scenariochecker.controller.ScenarioController.countStepsWithoutActor(pl.poznan.put.cs.scenariochecker.model.Scenario)
2018-12-13 12:29:59.636  INFO 6684 --- [restartedMain] s.w.s.m.m.a.RequestMappingHandlerMapping : Mapped "{[/steps-without-actor],methods=[POST]}" onto public java.util.List<pl.poznan.put.cs.scenariochecker.model.Step> pl.poznan.put.cs.scenariochecker.controller.ScenarioController.retrieveStepsWithoutActor(pl.poznan.put.cs.scenariochecker.model.Scenario)
2018-12-13 12:29:59.637  INFO 6684 --- [restartedMain] s.w.s.m.m.a.RequestMappingHandlerMapping : Mapped "{[/special-steps],methods=[POST]}" onto public java.lang.String pl.poznan.put.cs.scenariochecker.controller.ScenarioController.countSpecialSteps(pl.poznan.put.cs.scenariochecker.model.Scenario)
2018-12-13 12:29:59.637  INFO 6684 --- [restartedMain] s.w.s.m.m.a.RequestMappingHandlerMapping : Mapped "{[/levels/{level}],methods=[POST]}" onto org.springframework.http.ResponseEntity<java.lang.String> pl.poznan.put.cs.scenariochecker.controller.ScenarioController.returnSubScenarios(pl.poznan.put.cs.scenariochecker.model.Scenario,java.lang.String)
2018-12-13 12:29:59.640  INFO 6684 --- [restartedMain] s.w.s.m.m.a.RequestMappingHandlerMapping : Mapped "{[/error]}" onto public org.springframework.http.ResponseEntity<java.util.Map<java.lang.String, java.lang.Object>> org.springframework.boot.autoconfigure.web.servlet.error.BasicErrorController.error(javax.servlet.http.HttpServletRequest)
2018-12-13 12:29:59.640  INFO 6684 --- [restartedMain] s.w.s.m.m.a.RequestMappingHandlerMapping : Mapped "{[/error],produces=[text/html]}" onto public org.springframework.web.servlet.ModelAndView org.springframework.boot.autoconfigure.web.servlet.error.BasicErrorController.errorHtml(javax.servlet.http.HttpServletRequest,javax.servlet.http.HttpServletResponse)
2018-12-13 12:29:59.663  INFO 6684 --- [restartedMain] o.s.w.s.handler.SimpleUrlHandlerMapping  : Mapped URL path [/webjars/**] onto handler of type [class org.springframework.web.servlet.resource.ResourceHttpRequestHandler]
2018-12-13 12:29:59.663  INFO 6684 --- [restartedMain] o.s.w.s.handler.SimpleUrlHandlerMapping  : Mapped URL path [/**] onto handler of type [class org.springframework.web.servlet.resource.ResourceHttpRequestHandler]
2018-12-13 12:29:59.877  INFO 6684 --- [restartedMain] o.s.b.d.a.OptionalLiveReloadServer       : LiveReload server is running on port 35729
2018-12-13 12:29:59.907  INFO 6684 --- [restartedMain] o.s.j.e.a.AnnotationMBeanExporter        : Registering beans for JMX exposure on startup
2018-12-13 12:29:59.940  INFO 6684 --- [restartedMain] o.s.b.w.embedded.tomcat.TomcatWebServer  : Tomcat started on port(s): 8080 (http) with context path ''
2018-12-13 12:29:59.944  INFO 6684 --- [restartedMain] p.p.p.c.s.ScenarioCheckerApplication     : Started ScenarioCheckerApplication in 2.884 seconds (JVM running for 3.962)
2018-12-13 12:30:13.715  INFO 6684 --- [http-nio-8080-exec-1] o.a.c.c.C.[Tomcat].[localhost].[/]       : Initializing Spring FrameworkServlet 'dispatcherServlet'
2018-12-13 12:30:13.716  INFO 6684 --- [http-nio-8080-exec-1] o.s.web.servlet.DispatcherServlet        : FrameworkServlet 'dispatcherServlet': initialization started
2018-12-13 12:30:13.747  INFO 6684 --- [http-nio-8080-exec-1] o.s.web.servlet.DispatcherServlet        : FrameworkServlet 'dispatcherServlet': initialization completed in 31 ms
2018-12-13 12:31:09.395 DEBUG 12532 --- [background-preinit] .h.v.m.ResourceBundleMessageInterpolator : Loaded expression factory via original TCCL
2018-12-13 12:31:09.408 DEBUG 12532 --- [background-preinit] o.h.v.i.engine.ValidatorFactoryImpl      : HV000234: Using org.hibernate.validator.messageinterpolation.ResourceBundleMessageInterpolator as ValidatorFactory-scoped message interpolator.
2018-12-13 12:31:09.409 DEBUG 12532 --- [background-preinit] o.h.v.i.engine.ValidatorFactoryImpl      : HV000234: Using org.hibernate.validator.internal.engine.resolver.TraverseAllTraversableResolver as ValidatorFactory-scoped traversable resolver.
2018-12-13 12:31:09.410 DEBUG 12532 --- [background-preinit] o.h.v.i.engine.ValidatorFactoryImpl      : HV000234: Using org.hibernate.validator.internal.util.ExecutableParameterNameProvider as ValidatorFactory-scoped parameter name provider.
2018-12-13 12:31:09.410 DEBUG 12532 --- [background-preinit] o.h.v.i.engine.ValidatorFactoryImpl      : HV000234: Using org.hibernate.validator.internal.engine.DefaultClockProvider as ValidatorFactory-scoped clock provider.
2018-12-13 12:31:09.410 DEBUG 12532 --- [background-preinit] o.h.v.i.engine.ValidatorFactoryImpl      : HV000234: Using org.hibernate.validator.internal.engine.scripting.DefaultScriptEvaluatorFactory as ValidatorFactory-scoped script evaluator factory.
2018-12-13 12:31:09.417  INFO 12532 --- [restartedMain] p.p.p.c.s.ScenarioCheckerApplication     : Starting ScenarioCheckerApplication on DESKTOP-EJDIV25 with PID 12532 (C:\Users\artur\Desktop\io2\scenario-quality-checker\target\classes started by artur in C:\Users\artur\Desktop\io2\scenario-quality-checker)
2018-12-13 12:31:09.418  INFO 12532 --- [restartedMain] p.p.p.c.s.ScenarioCheckerApplication     : No active profile set, falling back to default profiles: default
2018-12-13 12:31:09.483  INFO 12532 --- [restartedMain] ConfigServletWebServerApplicationContext : Refreshing org.springframework.boot.web.servlet.context.AnnotationConfigServletWebServerApplicationContext@7cbad11a: startup date [Thu Dec 13 12:31:09 CET 2018]; root of context hierarchy
2018-12-13 12:31:11.125  INFO 12532 --- [restartedMain] o.s.b.w.embedded.tomcat.TomcatWebServer  : Tomcat initialized with port(s): 8080 (http)
2018-12-13 12:31:11.148  INFO 12532 --- [restartedMain] o.apache.catalina.core.StandardService   : Starting service [Tomcat]
2018-12-13 12:31:11.149  INFO 12532 --- [restartedMain] org.apache.catalina.core.StandardEngine  : Starting Servlet Engine: Apache Tomcat/8.5.34
2018-12-13 12:31:11.154  INFO 12532 --- [localhost-startStop-1] o.a.catalina.core.AprLifecycleListener   : The APR based Apache Tomcat Native library which allows optimal performance in production environments was not found on the java.library.path: [C:\Program Files\Java\jdk1.8.0_191\bin;C:\WINDOWS\Sun\Java\bin;C:\WINDOWS\system32;C:\WINDOWS;C:\Program Files (x86)\Common Files\Oracle\Java\javapath;C:\Program Files (x86)\Embarcadero\Studio\19.0\bin;C:\Users\Public\Documents\Embarcadero\Studio\19.0\Bpl;C:\Program Files (x86)\Embarcadero\Studio\19.0\bin64;C:\Users\Public\Documents\Embarcadero\Studio\19.0\Bpl\Win64;C:\ProgramData\Oracle\Java\javapath;C:\WINDOWS\system32;C:\WINDOWS;C:\WINDOWS\System32\Wbem;C:\WINDOWS\System32\WindowsPowerShell\v1.0\;C:\Program Files (x86)\Skype\Phone\;C:\WINDOWS\System32\OpenSSH\;C:\Users\artur\Desktop\python37\Scripts\;C:\Users\artur\Desktop\python37\;C:\Users\artur\AppData\Local\Microsoft\WindowsApps;C:\Users\artur\AppData\Local\Programs\MiKTeX 2.9\miktex\bin\x64\;.]
2018-12-13 12:31:11.258  INFO 12532 --- [localhost-startStop-1] o.a.c.c.C.[Tomcat].[localhost].[/]       : Initializing Spring embedded WebApplicationContext
2018-12-13 12:31:11.258  INFO 12532 --- [localhost-startStop-1] o.s.web.context.ContextLoader            : Root WebApplicationContext: initialization completed in 1775 ms
2018-12-13 12:31:11.346  INFO 12532 --- [localhost-startStop-1] o.s.b.w.servlet.ServletRegistrationBean  : Servlet dispatcherServlet mapped to [/]
2018-12-13 12:31:11.352  INFO 12532 --- [localhost-startStop-1] o.s.b.w.servlet.FilterRegistrationBean   : Mapping filter: 'characterEncodingFilter' to: [/*]
2018-12-13 12:31:11.352  INFO 12532 --- [localhost-startStop-1] o.s.b.w.servlet.FilterRegistrationBean   : Mapping filter: 'hiddenHttpMethodFilter' to: [/*]
2018-12-13 12:31:11.352  INFO 12532 --- [localhost-startStop-1] o.s.b.w.servlet.FilterRegistrationBean   : Mapping filter: 'httpPutFormContentFilter' to: [/*]
2018-12-13 12:31:11.352  INFO 12532 --- [localhost-startStop-1] o.s.b.w.servlet.FilterRegistrationBean   : Mapping filter: 'requestContextFilter' to: [/*]
2018-12-13 12:31:11.466 DEBUG 12532 --- [restartedMain] o.h.v.i.e.resolver.TraversableResolvers  : Cannot find javax.persistence.Persistence on classpath. Assuming non JPA 2 environment. All properties will per default be traversable.
2018-12-13 12:31:11.467 DEBUG 12532 --- [restartedMain] .h.v.m.ResourceBundleMessageInterpolator : Loaded expression factory via original TCCL
2018-12-13 12:31:11.477 DEBUG 12532 --- [restartedMain] o.h.v.i.e.resolver.TraversableResolvers  : Cannot find javax.persistence.Persistence on classpath. Assuming non JPA 2 environment. All properties will per default be traversable.
2018-12-13 12:31:11.478 DEBUG 12532 --- [restartedMain] o.h.v.internal.engine.ConfigurationImpl  : Setting custom MessageInterpolator of type org.springframework.validation.beanvalidation.LocaleContextMessageInterpolator
2018-12-13 12:31:11.479 DEBUG 12532 --- [restartedMain] o.h.v.internal.engine.ConfigurationImpl  : Setting custom ConstraintValidatorFactory of type org.springframework.validation.beanvalidation.SpringConstraintValidatorFactory
2018-12-13 12:31:11.480 DEBUG 12532 --- [restartedMain] o.h.v.internal.engine.ConfigurationImpl  : Setting custom ParameterNameProvider of type org.springframework.validation.beanvalidation.LocalValidatorFactoryBean$1
2018-12-13 12:31:11.482 DEBUG 12532 --- [restartedMain] o.h.v.i.xml.config.ValidationXmlParser   : Trying to load META-INF/validation.xml for XML based Validator configuration.
2018-12-13 12:31:11.482 DEBUG 12532 --- [restartedMain] o.h.v.i.xml.config.ResourceLoaderHelper  : Trying to load META-INF/validation.xml via user class loader
2018-12-13 12:31:11.482 DEBUG 12532 --- [restartedMain] o.h.v.i.xml.config.ResourceLoaderHelper  : Trying to load META-INF/validation.xml via TCCL
2018-12-13 12:31:11.482 DEBUG 12532 --- [restartedMain] o.h.v.i.xml.config.ResourceLoaderHelper  : Trying to load META-INF/validation.xml via Hibernate Validator's class loader
2018-12-13 12:31:11.482 DEBUG 12532 --- [restartedMain] o.h.v.i.xml.config.ValidationXmlParser   : No META-INF/validation.xml found. Using annotation based configuration only.
2018-12-13 12:31:11.487 DEBUG 12532 --- [restartedMain] o.h.v.i.engine.ValidatorFactoryImpl      : HV000234: Using org.springframework.validation.beanvalidation.LocaleContextMessageInterpolator as ValidatorFactory-scoped message interpolator.
2018-12-13 12:31:11.488 DEBUG 12532 --- [restartedMain] o.h.v.i.engine.ValidatorFactoryImpl      : HV000234: Using org.hibernate.validator.internal.engine.resolver.TraverseAllTraversableResolver as ValidatorFactory-scoped traversable resolver.
2018-12-13 12:31:11.488 DEBUG 12532 --- [restartedMain] o.h.v.i.engine.ValidatorFactoryImpl      : HV000234: Using org.hibernate.validator.internal.util.ExecutableParameterNameProvider as ValidatorFactory-scoped parameter name provider.
2018-12-13 12:31:11.488 DEBUG 12532 --- [restartedMain] o.h.v.i.engine.ValidatorFactoryImpl      : HV000234: Using org.hibernate.validator.internal.engine.DefaultClockProvider as ValidatorFactory-scoped clock provider.
2018-12-13 12:31:11.489 DEBUG 12532 --- [restartedMain] o.h.v.i.engine.ValidatorFactoryImpl      : HV000234: Using org.hibernate.validator.internal.engine.scripting.DefaultScriptEvaluatorFactory as ValidatorFactory-scoped script evaluator factory.
2018-12-13 12:31:11.549  INFO 12532 --- [restartedMain] o.s.w.s.handler.SimpleUrlHandlerMapping  : Mapped URL path [/**/favicon.ico] onto handler of type [class org.springframework.web.servlet.resource.ResourceHttpRequestHandler]
2018-12-13 12:31:11.787  INFO 12532 --- [restartedMain] s.w.s.m.m.a.RequestMappingHandlerAdapter : Looking for @ControllerAdvice: org.springframework.boot.web.servlet.context.AnnotationConfigServletWebServerApplicationContext@7cbad11a: startup date [Thu Dec 13 12:31:09 CET 2018]; root of context hierarchy
2018-12-13 12:31:11.863  INFO 12532 --- [restartedMain] s.w.s.m.m.a.RequestMappingHandlerMapping : Mapped "{[],methods=[GET]}" onto public java.lang.String pl.poznan.put.cs.scenariochecker.controller.HomeController.home()
2018-12-13 12:31:11.870  INFO 12532 --- [restartedMain] s.w.s.m.m.a.RequestMappingHandlerMapping : Mapped "{[/count],methods=[POST]}" onto public java.lang.String pl.poznan.put.cs.scenariochecker.controller.ScenarioController.count(pl.poznan.put.cs.scenariochecker.model.Scenario)
2018-12-13 12:31:11.870  INFO 12532 --- [restartedMain] s.w.s.m.m.a.RequestMappingHandlerMapping : Mapped "{[/steps-without-actor],methods=[POST]}" onto public java.util.List<pl.poznan.put.cs.scenariochecker.model.Step> pl.poznan.put.cs.scenariochecker.controller.ScenarioController.retrieveStepsWithoutActor(pl.poznan.put.cs.scenariochecker.model.Scenario)
2018-12-13 12:31:11.870  INFO 12532 --- [restartedMain] s.w.s.m.m.a.RequestMappingHandlerMapping : Mapped "{[/count-steps-without-actor],methods=[POST]}" onto public java.lang.String pl.poznan.put.cs.scenariochecker.controller.ScenarioController.countStepsWithoutActor(pl.poznan.put.cs.scenariochecker.model.Scenario)
2018-12-13 12:31:11.871  INFO 12532 --- [restartedMain] s.w.s.m.m.a.RequestMappingHandlerMapping : Mapped "{[/special-steps],methods=[POST]}" onto public java.lang.String pl.poznan.put.cs.scenariochecker.controller.ScenarioController.countSpecialSteps(pl.poznan.put.cs.scenariochecker.model.Scenario)
2018-12-13 12:31:11.871  INFO 12532 --- [restartedMain] s.w.s.m.m.a.RequestMappingHandlerMapping : Mapped "{[/levels/{level}],methods=[POST]}" onto org.springframework.http.ResponseEntity<java.lang.String> pl.poznan.put.cs.scenariochecker.controller.ScenarioController.returnSubScenarios(pl.poznan.put.cs.scenariochecker.model.Scenario,java.lang.String)
2018-12-13 12:31:11.873  INFO 12532 --- [restartedMain] s.w.s.m.m.a.RequestMappingHandlerMapping : Mapped "{[/error]}" onto public org.springframework.http.ResponseEntity<java.util.Map<java.lang.String, java.lang.Object>> org.springframework.boot.autoconfigure.web.servlet.error.BasicErrorController.error(javax.servlet.http.HttpServletRequest)
2018-12-13 12:31:11.874  INFO 12532 --- [restartedMain] s.w.s.m.m.a.RequestMappingHandlerMapping : Mapped "{[/error],produces=[text/html]}" onto public org.springframework.web.servlet.ModelAndView org.springframework.boot.autoconfigure.web.servlet.error.BasicErrorController.errorHtml(javax.servlet.http.HttpServletRequest,javax.servlet.http.HttpServletResponse)
2018-12-13 12:31:11.933  INFO 12532 --- [restartedMain] o.s.w.s.handler.SimpleUrlHandlerMapping  : Mapped URL path [/webjars/**] onto handler of type [class org.springframework.web.servlet.resource.ResourceHttpRequestHandler]
2018-12-13 12:31:11.933  INFO 12532 --- [restartedMain] o.s.w.s.handler.SimpleUrlHandlerMapping  : Mapped URL path [/**] onto handler of type [class org.springframework.web.servlet.resource.ResourceHttpRequestHandler]
2018-12-13 12:31:12.311  INFO 12532 --- [restartedMain] o.s.b.d.a.OptionalLiveReloadServer       : LiveReload server is running on port 35729
2018-12-13 12:31:12.342  INFO 12532 --- [restartedMain] o.s.j.e.a.AnnotationMBeanExporter        : Registering beans for JMX exposure on startup
2018-12-13 12:31:12.392  INFO 12532 --- [restartedMain] o.s.b.w.embedded.tomcat.TomcatWebServer  : Tomcat started on port(s): 8080 (http) with context path ''
2018-12-13 12:31:12.399  INFO 12532 --- [restartedMain] p.p.p.c.s.ScenarioCheckerApplication     : Started ScenarioCheckerApplication in 3.648 seconds (JVM running for 5.666)
2018-12-13 12:31:26.142  INFO 12532 --- [http-nio-8080-exec-1] o.a.c.c.C.[Tomcat].[localhost].[/]       : Initializing Spring FrameworkServlet 'dispatcherServlet'
2018-12-13 12:31:26.143  INFO 12532 --- [http-nio-8080-exec-1] o.s.web.servlet.DispatcherServlet        : FrameworkServlet 'dispatcherServlet': initialization started
2018-12-13 12:31:26.168  INFO 12532 --- [http-nio-8080-exec-1] o.s.web.servlet.DispatcherServlet        : FrameworkServlet 'dispatcherServlet': initialization completed in 25 ms
2018-12-13 12:32:21.999 ERROR 12532 --- [http-nio-8080-exec-1] p.p.p.c.s.controller.ScenarioController  : huj
2018-12-13 12:34:10.597 DEBUG 15688 --- [background-preinit] .h.v.m.ResourceBundleMessageInterpolator : Loaded expression factory via original TCCL
2018-12-13 12:34:10.601  INFO 15688 --- [restartedMain] p.p.p.c.s.ScenarioCheckerApplication     : Starting ScenarioCheckerApplication on DESKTOP-EJDIV25 with PID 15688 (C:\Users\artur\Desktop\io2\scenario-quality-checker\target\classes started by artur in C:\Users\artur\Desktop\io2\scenario-quality-checker)
2018-12-13 12:34:10.602  INFO 15688 --- [restartedMain] p.p.p.c.s.ScenarioCheckerApplication     : No active profile set, falling back to default profiles: default
2018-12-13 12:34:10.605 DEBUG 15688 --- [background-preinit] o.h.v.i.engine.ValidatorFactoryImpl      : HV000234: Using org.hibernate.validator.messageinterpolation.ResourceBundleMessageInterpolator as ValidatorFactory-scoped message interpolator.
2018-12-13 12:34:10.606 DEBUG 15688 --- [background-preinit] o.h.v.i.engine.ValidatorFactoryImpl      : HV000234: Using org.hibernate.validator.internal.engine.resolver.TraverseAllTraversableResolver as ValidatorFactory-scoped traversable resolver.
2018-12-13 12:34:10.606 DEBUG 15688 --- [background-preinit] o.h.v.i.engine.ValidatorFactoryImpl      : HV000234: Using org.hibernate.validator.internal.util.ExecutableParameterNameProvider as ValidatorFactory-scoped parameter name provider.
2018-12-13 12:34:10.606 DEBUG 15688 --- [background-preinit] o.h.v.i.engine.ValidatorFactoryImpl      : HV000234: Using org.hibernate.validator.internal.engine.DefaultClockProvider as ValidatorFactory-scoped clock provider.
2018-12-13 12:34:10.606 DEBUG 15688 --- [background-preinit] o.h.v.i.engine.ValidatorFactoryImpl      : HV000234: Using org.hibernate.validator.internal.engine.scripting.DefaultScriptEvaluatorFactory as ValidatorFactory-scoped script evaluator factory.
2018-12-13 12:34:10.661  INFO 15688 --- [restartedMain] ConfigServletWebServerApplicationContext : Refreshing org.springframework.boot.web.servlet.context.AnnotationConfigServletWebServerApplicationContext@70326a8d: startup date [Thu Dec 13 12:34:10 CET 2018]; root of context hierarchy
2018-12-13 12:34:12.046  INFO 15688 --- [restartedMain] o.s.b.w.embedded.tomcat.TomcatWebServer  : Tomcat initialized with port(s): 8080 (http)
2018-12-13 12:34:12.064  INFO 15688 --- [restartedMain] o.apache.catalina.core.StandardService   : Starting service [Tomcat]
2018-12-13 12:34:12.064  INFO 15688 --- [restartedMain] org.apache.catalina.core.StandardEngine  : Starting Servlet Engine: Apache Tomcat/8.5.34
2018-12-13 12:34:12.069  INFO 15688 --- [localhost-startStop-1] o.a.catalina.core.AprLifecycleListener   : The APR based Apache Tomcat Native library which allows optimal performance in production environments was not found on the java.library.path: [C:\Program Files\Java\jdk1.8.0_191\bin;C:\WINDOWS\Sun\Java\bin;C:\WINDOWS\system32;C:\WINDOWS;C:\Program Files (x86)\Common Files\Oracle\Java\javapath;C:\Program Files (x86)\Embarcadero\Studio\19.0\bin;C:\Users\Public\Documents\Embarcadero\Studio\19.0\Bpl;C:\Program Files (x86)\Embarcadero\Studio\19.0\bin64;C:\Users\Public\Documents\Embarcadero\Studio\19.0\Bpl\Win64;C:\ProgramData\Oracle\Java\javapath;C:\WINDOWS\system32;C:\WINDOWS;C:\WINDOWS\System32\Wbem;C:\WINDOWS\System32\WindowsPowerShell\v1.0\;C:\Program Files (x86)\Skype\Phone\;C:\WINDOWS\System32\OpenSSH\;C:\Users\artur\Desktop\python37\Scripts\;C:\Users\artur\Desktop\python37\;C:\Users\artur\AppData\Local\Microsoft\WindowsApps;C:\Users\artur\AppData\Local\Programs\MiKTeX 2.9\miktex\bin\x64\;.]
2018-12-13 12:34:12.161  INFO 15688 --- [localhost-startStop-1] o.a.c.c.C.[Tomcat].[localhost].[/]       : Initializing Spring embedded WebApplicationContext
2018-12-13 12:34:12.162  INFO 15688 --- [localhost-startStop-1] o.s.web.context.ContextLoader            : Root WebApplicationContext: initialization completed in 1501 ms
2018-12-13 12:34:12.223  INFO 15688 --- [localhost-startStop-1] o.s.b.w.servlet.ServletRegistrationBean  : Servlet dispatcherServlet mapped to [/]
2018-12-13 12:34:12.228  INFO 15688 --- [localhost-startStop-1] o.s.b.w.servlet.FilterRegistrationBean   : Mapping filter: 'characterEncodingFilter' to: [/*]
2018-12-13 12:34:12.228  INFO 15688 --- [localhost-startStop-1] o.s.b.w.servlet.FilterRegistrationBean   : Mapping filter: 'hiddenHttpMethodFilter' to: [/*]
2018-12-13 12:34:12.228  INFO 15688 --- [localhost-startStop-1] o.s.b.w.servlet.FilterRegistrationBean   : Mapping filter: 'httpPutFormContentFilter' to: [/*]
2018-12-13 12:34:12.228  INFO 15688 --- [localhost-startStop-1] o.s.b.w.servlet.FilterRegistrationBean   : Mapping filter: 'requestContextFilter' to: [/*]
2018-12-13 12:34:12.284 DEBUG 15688 --- [restartedMain] o.h.v.i.e.resolver.TraversableResolvers  : Cannot find javax.persistence.Persistence on classpath. Assuming non JPA 2 environment. All properties will per default be traversable.
2018-12-13 12:34:12.285 DEBUG 15688 --- [restartedMain] .h.v.m.ResourceBundleMessageInterpolator : Loaded expression factory via original TCCL
2018-12-13 12:34:12.293 DEBUG 15688 --- [restartedMain] o.h.v.i.e.resolver.TraversableResolvers  : Cannot find javax.persistence.Persistence on classpath. Assuming non JPA 2 environment. All properties will per default be traversable.
2018-12-13 12:34:12.295 DEBUG 15688 --- [restartedMain] o.h.v.internal.engine.ConfigurationImpl  : Setting custom MessageInterpolator of type org.springframework.validation.beanvalidation.LocaleContextMessageInterpolator
2018-12-13 12:34:12.297 DEBUG 15688 --- [restartedMain] o.h.v.internal.engine.ConfigurationImpl  : Setting custom ConstraintValidatorFactory of type org.springframework.validation.beanvalidation.SpringConstraintValidatorFactory
2018-12-13 12:34:12.298 DEBUG 15688 --- [restartedMain] o.h.v.internal.engine.ConfigurationImpl  : Setting custom ParameterNameProvider of type org.springframework.validation.beanvalidation.LocalValidatorFactoryBean$1
2018-12-13 12:34:12.299 DEBUG 15688 --- [restartedMain] o.h.v.i.xml.config.ValidationXmlParser   : Trying to load META-INF/validation.xml for XML based Validator configuration.
2018-12-13 12:34:12.299 DEBUG 15688 --- [restartedMain] o.h.v.i.xml.config.ResourceLoaderHelper  : Trying to load META-INF/validation.xml via user class loader
2018-12-13 12:34:12.299 DEBUG 15688 --- [restartedMain] o.h.v.i.xml.config.ResourceLoaderHelper  : Trying to load META-INF/validation.xml via TCCL
2018-12-13 12:34:12.300 DEBUG 15688 --- [restartedMain] o.h.v.i.xml.config.ResourceLoaderHelper  : Trying to load META-INF/validation.xml via Hibernate Validator's class loader
2018-12-13 12:34:12.300 DEBUG 15688 --- [restartedMain] o.h.v.i.xml.config.ValidationXmlParser   : No META-INF/validation.xml found. Using annotation based configuration only.
2018-12-13 12:34:12.304 DEBUG 15688 --- [restartedMain] o.h.v.i.engine.ValidatorFactoryImpl      : HV000234: Using org.springframework.validation.beanvalidation.LocaleContextMessageInterpolator as ValidatorFactory-scoped message interpolator.
2018-12-13 12:34:12.305 DEBUG 15688 --- [restartedMain] o.h.v.i.engine.ValidatorFactoryImpl      : HV000234: Using org.hibernate.validator.internal.engine.resolver.TraverseAllTraversableResolver as ValidatorFactory-scoped traversable resolver.
2018-12-13 12:34:12.305 DEBUG 15688 --- [restartedMain] o.h.v.i.engine.ValidatorFactoryImpl      : HV000234: Using org.hibernate.validator.internal.util.ExecutableParameterNameProvider as ValidatorFactory-scoped parameter name provider.
2018-12-13 12:34:12.305 DEBUG 15688 --- [restartedMain] o.h.v.i.engine.ValidatorFactoryImpl      : HV000234: Using org.hibernate.validator.internal.engine.DefaultClockProvider as ValidatorFactory-scoped clock provider.
2018-12-13 12:34:12.305 DEBUG 15688 --- [restartedMain] o.h.v.i.engine.ValidatorFactoryImpl      : HV000234: Using org.hibernate.validator.internal.engine.scripting.DefaultScriptEvaluatorFactory as ValidatorFactory-scoped script evaluator factory.
2018-12-13 12:34:12.382  INFO 15688 --- [restartedMain] o.s.w.s.handler.SimpleUrlHandlerMapping  : Mapped URL path [/**/favicon.ico] onto handler of type [class org.springframework.web.servlet.resource.ResourceHttpRequestHandler]
2018-12-13 12:34:12.579  INFO 15688 --- [restartedMain] s.w.s.m.m.a.RequestMappingHandlerAdapter : Looking for @ControllerAdvice: org.springframework.boot.web.servlet.context.AnnotationConfigServletWebServerApplicationContext@70326a8d: startup date [Thu Dec 13 12:34:10 CET 2018]; root of context hierarchy
2018-12-13 12:34:12.626  INFO 15688 --- [restartedMain] s.w.s.m.m.a.RequestMappingHandlerMapping : Mapped "{[],methods=[GET]}" onto public java.lang.String pl.poznan.put.cs.scenariochecker.controller.HomeController.home()
2018-12-13 12:34:12.632  INFO 15688 --- [restartedMain] s.w.s.m.m.a.RequestMappingHandlerMapping : Mapped "{[/count],methods=[POST]}" onto public java.lang.String pl.poznan.put.cs.scenariochecker.controller.ScenarioController.count(pl.poznan.put.cs.scenariochecker.model.Scenario)
2018-12-13 12:34:12.632  INFO 15688 --- [restartedMain] s.w.s.m.m.a.RequestMappingHandlerMapping : Mapped "{[/special-steps],methods=[POST]}" onto public java.lang.String pl.poznan.put.cs.scenariochecker.controller.ScenarioController.countSpecialSteps(pl.poznan.put.cs.scenariochecker.model.Scenario)
2018-12-13 12:34:12.632  INFO 15688 --- [restartedMain] s.w.s.m.m.a.RequestMappingHandlerMapping : Mapped "{[/levels/{level}],methods=[POST]}" onto org.springframework.http.ResponseEntity<java.lang.String> pl.poznan.put.cs.scenariochecker.controller.ScenarioController.returnSubScenarios(pl.poznan.put.cs.scenariochecker.model.Scenario,java.lang.String)
2018-12-13 12:34:12.633  INFO 15688 --- [restartedMain] s.w.s.m.m.a.RequestMappingHandlerMapping : Mapped "{[/count-steps-without-actor],methods=[POST]}" onto public java.lang.String pl.poznan.put.cs.scenariochecker.controller.ScenarioController.countStepsWithoutActor(pl.poznan.put.cs.scenariochecker.model.Scenario)
2018-12-13 12:34:12.633  INFO 15688 --- [restartedMain] s.w.s.m.m.a.RequestMappingHandlerMapping : Mapped "{[/steps-without-actor],methods=[POST]}" onto public java.util.List<pl.poznan.put.cs.scenariochecker.model.Step> pl.poznan.put.cs.scenariochecker.controller.ScenarioController.retrieveStepsWithoutActor(pl.poznan.put.cs.scenariochecker.model.Scenario)
2018-12-13 12:34:12.635  INFO 15688 --- [restartedMain] s.w.s.m.m.a.RequestMappingHandlerMapping : Mapped "{[/error]}" onto public org.springframework.http.ResponseEntity<java.util.Map<java.lang.String, java.lang.Object>> org.springframework.boot.autoconfigure.web.servlet.error.BasicErrorController.error(javax.servlet.http.HttpServletRequest)
2018-12-13 12:34:12.636  INFO 15688 --- [restartedMain] s.w.s.m.m.a.RequestMappingHandlerMapping : Mapped "{[/error],produces=[text/html]}" onto public org.springframework.web.servlet.ModelAndView org.springframework.boot.autoconfigure.web.servlet.error.BasicErrorController.errorHtml(javax.servlet.http.HttpServletRequest,javax.servlet.http.HttpServletResponse)
2018-12-13 12:34:12.656  INFO 15688 --- [restartedMain] o.s.w.s.handler.SimpleUrlHandlerMapping  : Mapped URL path [/webjars/**] onto handler of type [class org.springframework.web.servlet.resource.ResourceHttpRequestHandler]
2018-12-13 12:34:12.656  INFO 15688 --- [restartedMain] o.s.w.s.handler.SimpleUrlHandlerMapping  : Mapped URL path [/**] onto handler of type [class org.springframework.web.servlet.resource.ResourceHttpRequestHandler]
2018-12-13 12:34:12.851  INFO 15688 --- [restartedMain] o.s.b.d.a.OptionalLiveReloadServer       : LiveReload server is running on port 35729
2018-12-13 12:34:12.877  INFO 15688 --- [restartedMain] o.s.j.e.a.AnnotationMBeanExporter        : Registering beans for JMX exposure on startup
2018-12-13 12:34:12.913  INFO 15688 --- [restartedMain] o.s.b.w.embedded.tomcat.TomcatWebServer  : Tomcat started on port(s): 8080 (http) with context path ''
2018-12-13 12:34:12.917  INFO 15688 --- [restartedMain] p.p.p.c.s.ScenarioCheckerApplication     : Started ScenarioCheckerApplication in 2.807 seconds (JVM running for 4.058)
2018-12-13 12:34:23.304  INFO 15688 --- [http-nio-8080-exec-2] o.a.c.c.C.[Tomcat].[localhost].[/]       : Initializing Spring FrameworkServlet 'dispatcherServlet'
2018-12-13 12:34:23.305  INFO 15688 --- [http-nio-8080-exec-2] o.s.web.servlet.DispatcherServlet        : FrameworkServlet 'dispatcherServlet': initialization started
2018-12-13 12:34:23.330  INFO 15688 --- [http-nio-8080-exec-2] o.s.web.servlet.DispatcherServlet        : FrameworkServlet 'dispatcherServlet': initialization completed in 25 ms
2018-12-13 12:36:01.280  INFO 15840 --- [restartedMain] p.p.p.c.s.ScenarioCheckerApplication     : Starting ScenarioCheckerApplication on DESKTOP-EJDIV25 with PID 15840 (C:\Users\artur\Desktop\io2\scenario-quality-checker\target\classes started by artur in C:\Users\artur\Desktop\io2\scenario-quality-checker)
2018-12-13 12:36:01.282  INFO 15840 --- [restartedMain] p.p.p.c.s.ScenarioCheckerApplication     : No active profile set, falling back to default profiles: default
2018-12-13 12:36:01.343  INFO 15840 --- [restartedMain] ConfigServletWebServerApplicationContext : Refreshing org.springframework.boot.web.servlet.context.AnnotationConfigServletWebServerApplicationContext@2f195ddf: startup date [Thu Dec 13 12:36:01 CET 2018]; root of context hierarchy
2018-12-13 12:36:02.727  INFO 15840 --- [restartedMain] o.s.b.w.embedded.tomcat.TomcatWebServer  : Tomcat initialized with port(s): 8080 (http)
2018-12-13 12:36:02.747  INFO 15840 --- [restartedMain] o.apache.catalina.core.StandardService   : Starting service [Tomcat]
2018-12-13 12:36:02.748  INFO 15840 --- [restartedMain] org.apache.catalina.core.StandardEngine  : Starting Servlet Engine: Apache Tomcat/8.5.34
2018-12-13 12:36:02.751  INFO 15840 --- [localhost-startStop-1] o.a.catalina.core.AprLifecycleListener   : The APR based Apache Tomcat Native library which allows optimal performance in production environments was not found on the java.library.path: [C:\Program Files\Java\jdk1.8.0_191\bin;C:\WINDOWS\Sun\Java\bin;C:\WINDOWS\system32;C:\WINDOWS;C:\Program Files (x86)\Common Files\Oracle\Java\javapath;C:\Program Files (x86)\Embarcadero\Studio\19.0\bin;C:\Users\Public\Documents\Embarcadero\Studio\19.0\Bpl;C:\Program Files (x86)\Embarcadero\Studio\19.0\bin64;C:\Users\Public\Documents\Embarcadero\Studio\19.0\Bpl\Win64;C:\ProgramData\Oracle\Java\javapath;C:\WINDOWS\system32;C:\WINDOWS;C:\WINDOWS\System32\Wbem;C:\WINDOWS\System32\WindowsPowerShell\v1.0\;C:\Program Files (x86)\Skype\Phone\;C:\WINDOWS\System32\OpenSSH\;C:\Users\artur\Desktop\python37\Scripts\;C:\Users\artur\Desktop\python37\;C:\Users\artur\AppData\Local\Microsoft\WindowsApps;C:\Users\artur\AppData\Local\Programs\MiKTeX 2.9\miktex\bin\x64\;.]
2018-12-13 12:36:02.843  INFO 15840 --- [localhost-startStop-1] o.a.c.c.C.[Tomcat].[localhost].[/]       : Initializing Spring embedded WebApplicationContext
2018-12-13 12:36:02.844  INFO 15840 --- [localhost-startStop-1] o.s.web.context.ContextLoader            : Root WebApplicationContext: initialization completed in 1501 ms
2018-12-13 12:36:02.906  INFO 15840 --- [localhost-startStop-1] o.s.b.w.servlet.ServletRegistrationBean  : Servlet dispatcherServlet mapped to [/]
2018-12-13 12:36:02.910  INFO 15840 --- [localhost-startStop-1] o.s.b.w.servlet.FilterRegistrationBean   : Mapping filter: 'characterEncodingFilter' to: [/*]
2018-12-13 12:36:02.910  INFO 15840 --- [localhost-startStop-1] o.s.b.w.servlet.FilterRegistrationBean   : Mapping filter: 'hiddenHttpMethodFilter' to: [/*]
2018-12-13 12:36:02.911  INFO 15840 --- [localhost-startStop-1] o.s.b.w.servlet.FilterRegistrationBean   : Mapping filter: 'httpPutFormContentFilter' to: [/*]
2018-12-13 12:36:02.912  INFO 15840 --- [localhost-startStop-1] o.s.b.w.servlet.FilterRegistrationBean   : Mapping filter: 'requestContextFilter' to: [/*]
2018-12-13 12:36:03.044  INFO 15840 --- [restartedMain] o.s.w.s.handler.SimpleUrlHandlerMapping  : Mapped URL path [/**/favicon.ico] onto handler of type [class org.springframework.web.servlet.resource.ResourceHttpRequestHandler]
2018-12-13 12:36:03.197  INFO 15840 --- [restartedMain] s.w.s.m.m.a.RequestMappingHandlerAdapter : Looking for @ControllerAdvice: org.springframework.boot.web.servlet.context.AnnotationConfigServletWebServerApplicationContext@2f195ddf: startup date [Thu Dec 13 12:36:01 CET 2018]; root of context hierarchy
2018-12-13 12:36:03.244  INFO 15840 --- [restartedMain] s.w.s.m.m.a.RequestMappingHandlerMapping : Mapped "{[],methods=[GET]}" onto public java.lang.String pl.poznan.put.cs.scenariochecker.controller.HomeController.home()
2018-12-13 12:36:03.250  INFO 15840 --- [restartedMain] s.w.s.m.m.a.RequestMappingHandlerMapping : Mapped "{[/count],methods=[POST]}" onto public java.lang.String pl.poznan.put.cs.scenariochecker.controller.ScenarioController.count(pl.poznan.put.cs.scenariochecker.model.Scenario)
2018-12-13 12:36:03.251  INFO 15840 --- [restartedMain] s.w.s.m.m.a.RequestMappingHandlerMapping : Mapped "{[/levels/{level}],methods=[POST]}" onto org.springframework.http.ResponseEntity<java.lang.String> pl.poznan.put.cs.scenariochecker.controller.ScenarioController.returnSubScenarios(pl.poznan.put.cs.scenariochecker.model.Scenario,java.lang.String)
2018-12-13 12:36:03.251  INFO 15840 --- [restartedMain] s.w.s.m.m.a.RequestMappingHandlerMapping : Mapped "{[/steps-without-actor],methods=[POST]}" onto public java.util.List<pl.poznan.put.cs.scenariochecker.model.Step> pl.poznan.put.cs.scenariochecker.controller.ScenarioController.retrieveStepsWithoutActor(pl.poznan.put.cs.scenariochecker.model.Scenario)
2018-12-13 12:36:03.251  INFO 15840 --- [restartedMain] s.w.s.m.m.a.RequestMappingHandlerMapping : Mapped "{[/count-steps-without-actor],methods=[POST]}" onto public java.lang.String pl.poznan.put.cs.scenariochecker.controller.ScenarioController.countStepsWithoutActor(pl.poznan.put.cs.scenariochecker.model.Scenario)
2018-12-13 12:36:03.252  INFO 15840 --- [restartedMain] s.w.s.m.m.a.RequestMappingHandlerMapping : Mapped "{[/special-steps],methods=[POST]}" onto public java.lang.String pl.poznan.put.cs.scenariochecker.controller.ScenarioController.countSpecialSteps(pl.poznan.put.cs.scenariochecker.model.Scenario)
2018-12-13 12:36:03.254  INFO 15840 --- [restartedMain] s.w.s.m.m.a.RequestMappingHandlerMapping : Mapped "{[/error]}" onto public org.springframework.http.ResponseEntity<java.util.Map<java.lang.String, java.lang.Object>> org.springframework.boot.autoconfigure.web.servlet.error.BasicErrorController.error(javax.servlet.http.HttpServletRequest)
2018-12-13 12:36:03.255  INFO 15840 --- [restartedMain] s.w.s.m.m.a.RequestMappingHandlerMapping : Mapped "{[/error],produces=[text/html]}" onto public org.springframework.web.servlet.ModelAndView org.springframework.boot.autoconfigure.web.servlet.error.BasicErrorController.errorHtml(javax.servlet.http.HttpServletRequest,javax.servlet.http.HttpServletResponse)
2018-12-13 12:36:03.277  INFO 15840 --- [restartedMain] o.s.w.s.handler.SimpleUrlHandlerMapping  : Mapped URL path [/webjars/**] onto handler of type [class org.springframework.web.servlet.resource.ResourceHttpRequestHandler]
2018-12-13 12:36:03.278  INFO 15840 --- [restartedMain] o.s.w.s.handler.SimpleUrlHandlerMapping  : Mapped URL path [/**] onto handler of type [class org.springframework.web.servlet.resource.ResourceHttpRequestHandler]
2018-12-13 12:36:03.472  INFO 15840 --- [restartedMain] o.s.b.d.a.OptionalLiveReloadServer       : LiveReload server is running on port 35729
2018-12-13 12:36:03.503  INFO 15840 --- [restartedMain] o.s.j.e.a.AnnotationMBeanExporter        : Registering beans for JMX exposure on startup
2018-12-13 12:36:03.542  INFO 15840 --- [restartedMain] o.s.b.w.embedded.tomcat.TomcatWebServer  : Tomcat started on port(s): 8080 (http) with context path ''
2018-12-13 12:36:03.546  INFO 15840 --- [restartedMain] p.p.p.c.s.ScenarioCheckerApplication     : Started ScenarioCheckerApplication in 2.744 seconds (JVM running for 3.883)
2018-12-13 12:36:13.881  INFO 15840 --- [http-nio-8080-exec-1] o.a.c.c.C.[Tomcat].[localhost].[/]       : Initializing Spring FrameworkServlet 'dispatcherServlet'
2018-12-13 12:36:13.882  INFO 15840 --- [http-nio-8080-exec-1] o.s.web.servlet.DispatcherServlet        : FrameworkServlet 'dispatcherServlet': initialization started
2018-12-13 12:36:13.906  INFO 15840 --- [http-nio-8080-exec-1] o.s.web.servlet.DispatcherServlet        : FrameworkServlet 'dispatcherServlet': initialization completed in 23 ms
2018-12-13 12:36:14.107  INFO 15840 --- [http-nio-8080-exec-1] p.p.p.c.s.controller.ScenarioController  : post count
2018-12-13 12:36:17.420  INFO 15840 --- [http-nio-8080-exec-2] p.p.p.c.s.controller.ScenarioController  : post count
2018-12-13 12:36:17.841  INFO 15840 --- [http-nio-8080-exec-3] p.p.p.c.s.controller.ScenarioController  : post count
2018-12-13 12:36:18.053  INFO 15840 --- [http-nio-8080-exec-4] p.p.p.c.s.controller.ScenarioController  : post count
2018-12-13 12:37:34.074  INFO 12696 --- [restartedMain] p.p.p.c.s.ScenarioCheckerApplication     : Starting ScenarioCheckerApplication on DESKTOP-EJDIV25 with PID 12696 (C:\Users\artur\Desktop\io2\scenario-quality-checker\target\classes started by artur in C:\Users\artur\Desktop\io2\scenario-quality-checker)
2018-12-13 12:37:34.077  INFO 12696 --- [restartedMain] p.p.p.c.s.ScenarioCheckerApplication     : No active profile set, falling back to default profiles: default
2018-12-13 12:37:34.175  INFO 12696 --- [restartedMain] ConfigServletWebServerApplicationContext : Refreshing org.springframework.boot.web.servlet.context.AnnotationConfigServletWebServerApplicationContext@178b0ae: startup date [Thu Dec 13 12:37:34 CET 2018]; root of context hierarchy
2018-12-13 12:37:35.848  INFO 12696 --- [restartedMain] o.s.b.w.embedded.tomcat.TomcatWebServer  : Tomcat initialized with port(s): 8080 (http)
2018-12-13 12:37:35.872  INFO 12696 --- [restartedMain] o.apache.catalina.core.StandardService   : Starting service [Tomcat]
2018-12-13 12:37:35.872  INFO 12696 --- [restartedMain] org.apache.catalina.core.StandardEngine  : Starting Servlet Engine: Apache Tomcat/8.5.34
2018-12-13 12:37:35.877  INFO 12696 --- [localhost-startStop-1] o.a.catalina.core.AprLifecycleListener   : The APR based Apache Tomcat Native library which allows optimal performance in production environments was not found on the java.library.path: [C:\Program Files\Java\jdk1.8.0_191\bin;C:\WINDOWS\Sun\Java\bin;C:\WINDOWS\system32;C:\WINDOWS;C:\Program Files (x86)\Common Files\Oracle\Java\javapath;C:\Program Files (x86)\Embarcadero\Studio\19.0\bin;C:\Users\Public\Documents\Embarcadero\Studio\19.0\Bpl;C:\Program Files (x86)\Embarcadero\Studio\19.0\bin64;C:\Users\Public\Documents\Embarcadero\Studio\19.0\Bpl\Win64;C:\ProgramData\Oracle\Java\javapath;C:\WINDOWS\system32;C:\WINDOWS;C:\WINDOWS\System32\Wbem;C:\WINDOWS\System32\WindowsPowerShell\v1.0\;C:\Program Files (x86)\Skype\Phone\;C:\WINDOWS\System32\OpenSSH\;C:\Users\artur\Desktop\python37\Scripts\;C:\Users\artur\Desktop\python37\;C:\Users\artur\AppData\Local\Microsoft\WindowsApps;C:\Users\artur\AppData\Local\Programs\MiKTeX 2.9\miktex\bin\x64\;.]
2018-12-13 12:37:35.979  INFO 12696 --- [localhost-startStop-1] o.a.c.c.C.[Tomcat].[localhost].[/]       : Initializing Spring embedded WebApplicationContext
2018-12-13 12:37:35.980  INFO 12696 --- [localhost-startStop-1] o.s.web.context.ContextLoader            : Root WebApplicationContext: initialization completed in 1805 ms
2018-12-13 12:37:36.064  INFO 12696 --- [localhost-startStop-1] o.s.b.w.servlet.ServletRegistrationBean  : Servlet dispatcherServlet mapped to [/]
2018-12-13 12:37:36.069  INFO 12696 --- [localhost-startStop-1] o.s.b.w.servlet.FilterRegistrationBean   : Mapping filter: 'characterEncodingFilter' to: [/*]
2018-12-13 12:37:36.070  INFO 12696 --- [localhost-startStop-1] o.s.b.w.servlet.FilterRegistrationBean   : Mapping filter: 'hiddenHttpMethodFilter' to: [/*]
2018-12-13 12:37:36.071  INFO 12696 --- [localhost-startStop-1] o.s.b.w.servlet.FilterRegistrationBean   : Mapping filter: 'httpPutFormContentFilter' to: [/*]
2018-12-13 12:37:36.071  INFO 12696 --- [localhost-startStop-1] o.s.b.w.servlet.FilterRegistrationBean   : Mapping filter: 'requestContextFilter' to: [/*]
2018-12-13 12:37:36.234  INFO 12696 --- [restartedMain] o.s.w.s.handler.SimpleUrlHandlerMapping  : Mapped URL path [/**/favicon.ico] onto handler of type [class org.springframework.web.servlet.resource.ResourceHttpRequestHandler]
2018-12-13 12:37:36.461  INFO 12696 --- [restartedMain] s.w.s.m.m.a.RequestMappingHandlerAdapter : Looking for @ControllerAdvice: org.springframework.boot.web.servlet.context.AnnotationConfigServletWebServerApplicationContext@178b0ae: startup date [Thu Dec 13 12:37:34 CET 2018]; root of context hierarchy
2018-12-13 12:37:36.543  INFO 12696 --- [restartedMain] s.w.s.m.m.a.RequestMappingHandlerMapping : Mapped "{[],methods=[GET]}" onto public java.lang.String pl.poznan.put.cs.scenariochecker.controller.HomeController.home()
2018-12-13 12:37:36.550  INFO 12696 --- [restartedMain] s.w.s.m.m.a.RequestMappingHandlerMapping : Mapped "{[/count],methods=[POST]}" onto public java.lang.String pl.poznan.put.cs.scenariochecker.controller.ScenarioController.count(pl.poznan.put.cs.scenariochecker.model.Scenario,javax.servlet.http.HttpServletRequest)
2018-12-13 12:37:36.550  INFO 12696 --- [restartedMain] s.w.s.m.m.a.RequestMappingHandlerMapping : Mapped "{[/steps-without-actor],methods=[POST]}" onto public java.util.List<pl.poznan.put.cs.scenariochecker.model.Step> pl.poznan.put.cs.scenariochecker.controller.ScenarioController.retrieveStepsWithoutActor(pl.poznan.put.cs.scenariochecker.model.Scenario)
2018-12-13 12:37:36.550  INFO 12696 --- [restartedMain] s.w.s.m.m.a.RequestMappingHandlerMapping : Mapped "{[/special-steps],methods=[POST]}" onto public java.lang.String pl.poznan.put.cs.scenariochecker.controller.ScenarioController.countSpecialSteps(pl.poznan.put.cs.scenariochecker.model.Scenario)
2018-12-13 12:37:36.550  INFO 12696 --- [restartedMain] s.w.s.m.m.a.RequestMappingHandlerMapping : Mapped "{[/levels/{level}],methods=[POST]}" onto org.springframework.http.ResponseEntity<java.lang.String> pl.poznan.put.cs.scenariochecker.controller.ScenarioController.returnSubScenarios(pl.poznan.put.cs.scenariochecker.model.Scenario,java.lang.String)
2018-12-13 12:37:36.551  INFO 12696 --- [restartedMain] s.w.s.m.m.a.RequestMappingHandlerMapping : Mapped "{[/count-steps-without-actor],methods=[POST]}" onto public java.lang.String pl.poznan.put.cs.scenariochecker.controller.ScenarioController.countStepsWithoutActor(pl.poznan.put.cs.scenariochecker.model.Scenario)
2018-12-13 12:37:36.553  INFO 12696 --- [restartedMain] s.w.s.m.m.a.RequestMappingHandlerMapping : Mapped "{[/error]}" onto public org.springframework.http.ResponseEntity<java.util.Map<java.lang.String, java.lang.Object>> org.springframework.boot.autoconfigure.web.servlet.error.BasicErrorController.error(javax.servlet.http.HttpServletRequest)
2018-12-13 12:37:36.554  INFO 12696 --- [restartedMain] s.w.s.m.m.a.RequestMappingHandlerMapping : Mapped "{[/error],produces=[text/html]}" onto public org.springframework.web.servlet.ModelAndView org.springframework.boot.autoconfigure.web.servlet.error.BasicErrorController.errorHtml(javax.servlet.http.HttpServletRequest,javax.servlet.http.HttpServletResponse)
2018-12-13 12:37:36.586  INFO 12696 --- [restartedMain] o.s.w.s.handler.SimpleUrlHandlerMapping  : Mapped URL path [/webjars/**] onto handler of type [class org.springframework.web.servlet.resource.ResourceHttpRequestHandler]
2018-12-13 12:37:36.586  INFO 12696 --- [restartedMain] o.s.w.s.handler.SimpleUrlHandlerMapping  : Mapped URL path [/**] onto handler of type [class org.springframework.web.servlet.resource.ResourceHttpRequestHandler]
2018-12-13 12:37:36.900  INFO 12696 --- [restartedMain] o.s.b.d.a.OptionalLiveReloadServer       : LiveReload server is running on port 35729
2018-12-13 12:37:36.932  INFO 12696 --- [restartedMain] o.s.j.e.a.AnnotationMBeanExporter        : Registering beans for JMX exposure on startup
2018-12-13 12:37:36.975  INFO 12696 --- [restartedMain] o.s.b.w.embedded.tomcat.TomcatWebServer  : Tomcat started on port(s): 8080 (http) with context path ''
2018-12-13 12:37:36.981  INFO 12696 --- [restartedMain] p.p.p.c.s.ScenarioCheckerApplication     : Started ScenarioCheckerApplication in 3.561 seconds (JVM running for 4.984)
2018-12-13 12:37:48.139  INFO 12696 --- [http-nio-8080-exec-1] o.a.c.c.C.[Tomcat].[localhost].[/]       : Initializing Spring FrameworkServlet 'dispatcherServlet'
2018-12-13 12:37:48.141  INFO 12696 --- [http-nio-8080-exec-1] o.s.web.servlet.DispatcherServlet        : FrameworkServlet 'dispatcherServlet': initialization started
2018-12-13 12:37:48.176  INFO 12696 --- [http-nio-8080-exec-1] o.s.web.servlet.DispatcherServlet        : FrameworkServlet 'dispatcherServlet': initialization completed in 34 ms
2018-12-13 12:39:21.994  INFO 12696 --- [http-nio-8080-exec-1] p.p.p.c.s.controller.ScenarioController  : post count
2018-12-13 12:40:38.892  INFO 2780 --- [restartedMain] p.p.p.c.s.ScenarioCheckerApplication     : Starting ScenarioCheckerApplication on DESKTOP-EJDIV25 with PID 2780 (C:\Users\artur\Desktop\io2\scenario-quality-checker\target\classes started by artur in C:\Users\artur\Desktop\io2\scenario-quality-checker)
2018-12-13 12:40:38.893  INFO 2780 --- [restartedMain] p.p.p.c.s.ScenarioCheckerApplication     : No active profile set, falling back to default profiles: default
2018-12-13 12:40:38.959  INFO 2780 --- [restartedMain] ConfigServletWebServerApplicationContext : Refreshing org.springframework.boot.web.servlet.context.AnnotationConfigServletWebServerApplicationContext@5003c42a: startup date [Thu Dec 13 12:40:38 CET 2018]; root of context hierarchy
2018-12-13 12:40:40.351  INFO 2780 --- [restartedMain] o.s.b.w.embedded.tomcat.TomcatWebServer  : Tomcat initialized with port(s): 8080 (http)
2018-12-13 12:40:40.372  INFO 2780 --- [restartedMain] o.apache.catalina.core.StandardService   : Starting service [Tomcat]
2018-12-13 12:40:40.372  INFO 2780 --- [restartedMain] org.apache.catalina.core.StandardEngine  : Starting Servlet Engine: Apache Tomcat/8.5.34
2018-12-13 12:40:40.376  INFO 2780 --- [localhost-startStop-1] o.a.catalina.core.AprLifecycleListener   : The APR based Apache Tomcat Native library which allows optimal performance in production environments was not found on the java.library.path: [C:\Program Files\Java\jdk1.8.0_191\bin;C:\WINDOWS\Sun\Java\bin;C:\WINDOWS\system32;C:\WINDOWS;C:\Program Files (x86)\Common Files\Oracle\Java\javapath;C:\Program Files (x86)\Embarcadero\Studio\19.0\bin;C:\Users\Public\Documents\Embarcadero\Studio\19.0\Bpl;C:\Program Files (x86)\Embarcadero\Studio\19.0\bin64;C:\Users\Public\Documents\Embarcadero\Studio\19.0\Bpl\Win64;C:\ProgramData\Oracle\Java\javapath;C:\WINDOWS\system32;C:\WINDOWS;C:\WINDOWS\System32\Wbem;C:\WINDOWS\System32\WindowsPowerShell\v1.0\;C:\Program Files (x86)\Skype\Phone\;C:\WINDOWS\System32\OpenSSH\;C:\Users\artur\Desktop\python37\Scripts\;C:\Users\artur\Desktop\python37\;C:\Users\artur\AppData\Local\Microsoft\WindowsApps;C:\Users\artur\AppData\Local\Programs\MiKTeX 2.9\miktex\bin\x64\;.]
2018-12-13 12:40:40.467  INFO 2780 --- [localhost-startStop-1] o.a.c.c.C.[Tomcat].[localhost].[/]       : Initializing Spring embedded WebApplicationContext
2018-12-13 12:40:40.467  INFO 2780 --- [localhost-startStop-1] o.s.web.context.ContextLoader            : Root WebApplicationContext: initialization completed in 1508 ms
2018-12-13 12:40:40.527  INFO 2780 --- [localhost-startStop-1] o.s.b.w.servlet.ServletRegistrationBean  : Servlet dispatcherServlet mapped to [/]
2018-12-13 12:40:40.530  INFO 2780 --- [localhost-startStop-1] o.s.b.w.servlet.FilterRegistrationBean   : Mapping filter: 'characterEncodingFilter' to: [/*]
2018-12-13 12:40:40.531  INFO 2780 --- [localhost-startStop-1] o.s.b.w.servlet.FilterRegistrationBean   : Mapping filter: 'hiddenHttpMethodFilter' to: [/*]
2018-12-13 12:40:40.531  INFO 2780 --- [localhost-startStop-1] o.s.b.w.servlet.FilterRegistrationBean   : Mapping filter: 'httpPutFormContentFilter' to: [/*]
2018-12-13 12:40:40.531  INFO 2780 --- [localhost-startStop-1] o.s.b.w.servlet.FilterRegistrationBean   : Mapping filter: 'requestContextFilter' to: [/*]
2018-12-13 12:40:40.641  INFO 2780 --- [restartedMain] o.s.w.s.handler.SimpleUrlHandlerMapping  : Mapped URL path [/**/favicon.ico] onto handler of type [class org.springframework.web.servlet.resource.ResourceHttpRequestHandler]
2018-12-13 12:40:40.802  INFO 2780 --- [restartedMain] s.w.s.m.m.a.RequestMappingHandlerAdapter : Looking for @ControllerAdvice: org.springframework.boot.web.servlet.context.AnnotationConfigServletWebServerApplicationContext@5003c42a: startup date [Thu Dec 13 12:40:38 CET 2018]; root of context hierarchy
2018-12-13 12:40:40.883  INFO 2780 --- [restartedMain] s.w.s.m.m.a.RequestMappingHandlerMapping : Mapped "{[],methods=[GET]}" onto public java.lang.String pl.poznan.put.cs.scenariochecker.controller.HomeController.home()
2018-12-13 12:40:40.891  INFO 2780 --- [restartedMain] s.w.s.m.m.a.RequestMappingHandlerMapping : Mapped "{[/count],methods=[POST]}" onto public java.lang.String pl.poznan.put.cs.scenariochecker.controller.ScenarioController.count(pl.poznan.put.cs.scenariochecker.model.Scenario)
2018-12-13 12:40:40.891  INFO 2780 --- [restartedMain] s.w.s.m.m.a.RequestMappingHandlerMapping : Mapped "{[/special-steps],methods=[POST]}" onto public java.lang.String pl.poznan.put.cs.scenariochecker.controller.ScenarioController.countSpecialSteps(pl.poznan.put.cs.scenariochecker.model.Scenario)
2018-12-13 12:40:40.891  INFO 2780 --- [restartedMain] s.w.s.m.m.a.RequestMappingHandlerMapping : Mapped "{[/levels/{level}],methods=[POST]}" onto org.springframework.http.ResponseEntity<java.lang.String> pl.poznan.put.cs.scenariochecker.controller.ScenarioController.returnSubScenarios(pl.poznan.put.cs.scenariochecker.model.Scenario,java.lang.String)
2018-12-13 12:40:40.891  INFO 2780 --- [restartedMain] s.w.s.m.m.a.RequestMappingHandlerMapping : Mapped "{[/steps-without-actor],methods=[POST]}" onto public java.util.List<pl.poznan.put.cs.scenariochecker.model.Step> pl.poznan.put.cs.scenariochecker.controller.ScenarioController.retrieveStepsWithoutActor(pl.poznan.put.cs.scenariochecker.model.Scenario)
2018-12-13 12:40:40.892  INFO 2780 --- [restartedMain] s.w.s.m.m.a.RequestMappingHandlerMapping : Mapped "{[/count-steps-without-actor],methods=[POST]}" onto public java.lang.String pl.poznan.put.cs.scenariochecker.controller.ScenarioController.countStepsWithoutActor(pl.poznan.put.cs.scenariochecker.model.Scenario)
2018-12-13 12:40:40.896  INFO 2780 --- [restartedMain] s.w.s.m.m.a.RequestMappingHandlerMapping : Mapped "{[/error]}" onto public org.springframework.http.ResponseEntity<java.util.Map<java.lang.String, java.lang.Object>> org.springframework.boot.autoconfigure.web.servlet.error.BasicErrorController.error(javax.servlet.http.HttpServletRequest)
2018-12-13 12:40:40.897  INFO 2780 --- [restartedMain] s.w.s.m.m.a.RequestMappingHandlerMapping : Mapped "{[/error],produces=[text/html]}" onto public org.springframework.web.servlet.ModelAndView org.springframework.boot.autoconfigure.web.servlet.error.BasicErrorController.errorHtml(javax.servlet.http.HttpServletRequest,javax.servlet.http.HttpServletResponse)
2018-12-13 12:40:40.922  INFO 2780 --- [restartedMain] o.s.w.s.handler.SimpleUrlHandlerMapping  : Mapped URL path [/webjars/**] onto handler of type [class org.springframework.web.servlet.resource.ResourceHttpRequestHandler]
2018-12-13 12:40:40.922  INFO 2780 --- [restartedMain] o.s.w.s.handler.SimpleUrlHandlerMapping  : Mapped URL path [/**] onto handler of type [class org.springframework.web.servlet.resource.ResourceHttpRequestHandler]
2018-12-13 12:40:41.115  INFO 2780 --- [restartedMain] o.s.b.d.a.OptionalLiveReloadServer       : LiveReload server is running on port 35729
2018-12-13 12:40:41.147  INFO 2780 --- [restartedMain] o.s.j.e.a.AnnotationMBeanExporter        : Registering beans for JMX exposure on startup
2018-12-13 12:40:41.192  INFO 2780 --- [restartedMain] o.s.b.w.embedded.tomcat.TomcatWebServer  : Tomcat started on port(s): 8080 (http) with context path ''
2018-12-13 12:40:41.197  INFO 2780 --- [restartedMain] p.p.p.c.s.ScenarioCheckerApplication     : Started ScenarioCheckerApplication in 2.8 seconds (JVM running for 3.949)
2018-12-13 12:40:47.751  INFO 2780 --- [http-nio-8080-exec-1] o.a.c.c.C.[Tomcat].[localhost].[/]       : Initializing Spring FrameworkServlet 'dispatcherServlet'
2018-12-13 12:40:47.752  INFO 2780 --- [http-nio-8080-exec-1] o.s.web.servlet.DispatcherServlet        : FrameworkServlet 'dispatcherServlet': initialization started
2018-12-13 12:40:47.788  INFO 2780 --- [http-nio-8080-exec-1] o.s.web.servlet.DispatcherServlet        : FrameworkServlet 'dispatcherServlet': initialization completed in 34 ms
2018-12-13 12:40:48.014  INFO 2780 --- [http-nio-8080-exec-2] p.p.p.c.s.controller.ScenarioController  : post count
2018-12-13 12:40:48.014  INFO 2780 --- [http-nio-8080-exec-1] p.p.p.c.s.controller.ScenarioController  : post count
2018-12-13 12:40:48.014  INFO 2780 --- [http-nio-8080-exec-3] p.p.p.c.s.controller.ScenarioController  : post count
2018-12-13 12:40:48.046  INFO 2780 --- [http-nio-8080-exec-4] p.p.p.c.s.controller.ScenarioController  : post count
2018-12-13 12:40:48.180  INFO 2780 --- [http-nio-8080-exec-5] p.p.p.c.s.controller.ScenarioController  : post count
2018-12-13 12:40:48.311  INFO 2780 --- [http-nio-8080-exec-6] p.p.p.c.s.controller.ScenarioController  : post count
2018-12-13 12:40:48.538  INFO 2780 --- [http-nio-8080-exec-7] p.p.p.c.s.controller.ScenarioController  : post count
2018-12-13 12:41:38.408  INFO 5224 --- [restartedMain] p.p.p.c.s.ScenarioCheckerApplication     : Starting ScenarioCheckerApplication on DESKTOP-EJDIV25 with PID 5224 (C:\Users\artur\Desktop\io2\scenario-quality-checker\target\classes started by artur in C:\Users\artur\Desktop\io2\scenario-quality-checker)
2018-12-13 12:41:38.410  INFO 5224 --- [restartedMain] p.p.p.c.s.ScenarioCheckerApplication     : No active profile set, falling back to default profiles: default
2018-12-13 12:41:38.480  INFO 5224 --- [restartedMain] ConfigServletWebServerApplicationContext : Refreshing org.springframework.boot.web.servlet.context.AnnotationConfigServletWebServerApplicationContext@3bedaa9d: startup date [Thu Dec 13 12:41:38 CET 2018]; root of context hierarchy
2018-12-13 12:41:39.870  INFO 5224 --- [restartedMain] o.s.b.w.embedded.tomcat.TomcatWebServer  : Tomcat initialized with port(s): 8080 (http)
2018-12-13 12:41:39.888  INFO 5224 --- [restartedMain] o.apache.catalina.core.StandardService   : Starting service [Tomcat]
2018-12-13 12:41:39.889  INFO 5224 --- [restartedMain] org.apache.catalina.core.StandardEngine  : Starting Servlet Engine: Apache Tomcat/8.5.34
2018-12-13 12:41:39.892  INFO 5224 --- [localhost-startStop-1] o.a.catalina.core.AprLifecycleListener   : The APR based Apache Tomcat Native library which allows optimal performance in production environments was not found on the java.library.path: [C:\Program Files\Java\jdk1.8.0_191\bin;C:\WINDOWS\Sun\Java\bin;C:\WINDOWS\system32;C:\WINDOWS;C:\Program Files (x86)\Common Files\Oracle\Java\javapath;C:\Program Files (x86)\Embarcadero\Studio\19.0\bin;C:\Users\Public\Documents\Embarcadero\Studio\19.0\Bpl;C:\Program Files (x86)\Embarcadero\Studio\19.0\bin64;C:\Users\Public\Documents\Embarcadero\Studio\19.0\Bpl\Win64;C:\ProgramData\Oracle\Java\javapath;C:\WINDOWS\system32;C:\WINDOWS;C:\WINDOWS\System32\Wbem;C:\WINDOWS\System32\WindowsPowerShell\v1.0\;C:\Program Files (x86)\Skype\Phone\;C:\WINDOWS\System32\OpenSSH\;C:\Users\artur\Desktop\python37\Scripts\;C:\Users\artur\Desktop\python37\;C:\Users\artur\AppData\Local\Microsoft\WindowsApps;C:\Users\artur\AppData\Local\Programs\MiKTeX 2.9\miktex\bin\x64\;.]
2018-12-13 12:41:39.990  INFO 5224 --- [localhost-startStop-1] o.a.c.c.C.[Tomcat].[localhost].[/]       : Initializing Spring embedded WebApplicationContext
2018-12-13 12:41:39.991  INFO 5224 --- [localhost-startStop-1] o.s.web.context.ContextLoader            : Root WebApplicationContext: initialization completed in 1511 ms
2018-12-13 12:41:40.055  INFO 5224 --- [localhost-startStop-1] o.s.b.w.servlet.ServletRegistrationBean  : Servlet dispatcherServlet mapped to [/]
2018-12-13 12:41:40.058  INFO 5224 --- [localhost-startStop-1] o.s.b.w.servlet.FilterRegistrationBean   : Mapping filter: 'characterEncodingFilter' to: [/*]
2018-12-13 12:41:40.060  INFO 5224 --- [localhost-startStop-1] o.s.b.w.servlet.FilterRegistrationBean   : Mapping filter: 'hiddenHttpMethodFilter' to: [/*]
2018-12-13 12:41:40.060  INFO 5224 --- [localhost-startStop-1] o.s.b.w.servlet.FilterRegistrationBean   : Mapping filter: 'httpPutFormContentFilter' to: [/*]
2018-12-13 12:41:40.060  INFO 5224 --- [localhost-startStop-1] o.s.b.w.servlet.FilterRegistrationBean   : Mapping filter: 'requestContextFilter' to: [/*]
2018-12-13 12:41:40.182  INFO 5224 --- [restartedMain] o.s.w.s.handler.SimpleUrlHandlerMapping  : Mapped URL path [/**/favicon.ico] onto handler of type [class org.springframework.web.servlet.resource.ResourceHttpRequestHandler]
2018-12-13 12:41:40.351  INFO 5224 --- [restartedMain] s.w.s.m.m.a.RequestMappingHandlerAdapter : Looking for @ControllerAdvice: org.springframework.boot.web.servlet.context.AnnotationConfigServletWebServerApplicationContext@3bedaa9d: startup date [Thu Dec 13 12:41:38 CET 2018]; root of context hierarchy
2018-12-13 12:41:40.399  INFO 5224 --- [restartedMain] s.w.s.m.m.a.RequestMappingHandlerMapping : Mapped "{[],methods=[GET]}" onto public java.lang.String pl.poznan.put.cs.scenariochecker.controller.HomeController.home()
2018-12-13 12:41:40.405  INFO 5224 --- [restartedMain] s.w.s.m.m.a.RequestMappingHandlerMapping : Mapped "{[/count],methods=[POST]}" onto public java.lang.String pl.poznan.put.cs.scenariochecker.controller.ScenarioController.count(pl.poznan.put.cs.scenariochecker.model.Scenario)
2018-12-13 12:41:40.406  INFO 5224 --- [restartedMain] s.w.s.m.m.a.RequestMappingHandlerMapping : Mapped "{[/count-steps-without-actor],methods=[POST]}" onto public java.lang.String pl.poznan.put.cs.scenariochecker.controller.ScenarioController.countStepsWithoutActor(pl.poznan.put.cs.scenariochecker.model.Scenario)
2018-12-13 12:41:40.406  INFO 5224 --- [restartedMain] s.w.s.m.m.a.RequestMappingHandlerMapping : Mapped "{[/levels/{level}],methods=[POST]}" onto org.springframework.http.ResponseEntity<java.lang.String> pl.poznan.put.cs.scenariochecker.controller.ScenarioController.returnSubScenarios(pl.poznan.put.cs.scenariochecker.model.Scenario,java.lang.String)
2018-12-13 12:41:40.406  INFO 5224 --- [restartedMain] s.w.s.m.m.a.RequestMappingHandlerMapping : Mapped "{[/special-steps],methods=[POST]}" onto public java.lang.String pl.poznan.put.cs.scenariochecker.controller.ScenarioController.countSpecialSteps(pl.poznan.put.cs.scenariochecker.model.Scenario)
2018-12-13 12:41:40.406  INFO 5224 --- [restartedMain] s.w.s.m.m.a.RequestMappingHandlerMapping : Mapped "{[/steps-without-actor],methods=[POST]}" onto public java.util.List<pl.poznan.put.cs.scenariochecker.model.Step> pl.poznan.put.cs.scenariochecker.controller.ScenarioController.retrieveStepsWithoutActor(pl.poznan.put.cs.scenariochecker.model.Scenario)
2018-12-13 12:41:40.408  INFO 5224 --- [restartedMain] s.w.s.m.m.a.RequestMappingHandlerMapping : Mapped "{[/error]}" onto public org.springframework.http.ResponseEntity<java.util.Map<java.lang.String, java.lang.Object>> org.springframework.boot.autoconfigure.web.servlet.error.BasicErrorController.error(javax.servlet.http.HttpServletRequest)
2018-12-13 12:41:40.409  INFO 5224 --- [restartedMain] s.w.s.m.m.a.RequestMappingHandlerMapping : Mapped "{[/error],produces=[text/html]}" onto public org.springframework.web.servlet.ModelAndView org.springframework.boot.autoconfigure.web.servlet.error.BasicErrorController.errorHtml(javax.servlet.http.HttpServletRequest,javax.servlet.http.HttpServletResponse)
2018-12-13 12:41:40.431  INFO 5224 --- [restartedMain] o.s.w.s.handler.SimpleUrlHandlerMapping  : Mapped URL path [/webjars/**] onto handler of type [class org.springframework.web.servlet.resource.ResourceHttpRequestHandler]
2018-12-13 12:41:40.431  INFO 5224 --- [restartedMain] o.s.w.s.handler.SimpleUrlHandlerMapping  : Mapped URL path [/**] onto handler of type [class org.springframework.web.servlet.resource.ResourceHttpRequestHandler]
2018-12-13 12:41:40.615  INFO 5224 --- [restartedMain] o.s.b.d.a.OptionalLiveReloadServer       : LiveReload server is running on port 35729
2018-12-13 12:41:40.641  INFO 5224 --- [restartedMain] o.s.j.e.a.AnnotationMBeanExporter        : Registering beans for JMX exposure on startup
2018-12-13 12:41:40.680  INFO 5224 --- [restartedMain] o.s.b.w.embedded.tomcat.TomcatWebServer  : Tomcat started on port(s): 8080 (http) with context path ''
2018-12-13 12:41:40.684  INFO 5224 --- [restartedMain] p.p.p.c.s.ScenarioCheckerApplication     : Started ScenarioCheckerApplication in 2.868 seconds (JVM running for 4.069)
2018-12-13 12:41:46.696  INFO 5224 --- [http-nio-8080-exec-1] o.a.c.c.C.[Tomcat].[localhost].[/]       : Initializing Spring FrameworkServlet 'dispatcherServlet'
2018-12-13 12:41:46.696  INFO 5224 --- [http-nio-8080-exec-1] o.s.web.servlet.DispatcherServlet        : FrameworkServlet 'dispatcherServlet': initialization started
2018-12-13 12:41:46.718  INFO 5224 --- [http-nio-8080-exec-1] o.s.web.servlet.DispatcherServlet        : FrameworkServlet 'dispatcherServlet': initialization completed in 22 ms
2018-12-13 12:41:46.954  INFO 5224 --- [http-nio-8080-exec-3] p.p.p.c.s.controller.ScenarioController  : post special-steps
2018-12-13 12:41:46.957  INFO 5224 --- [http-nio-8080-exec-1] p.p.p.c.s.controller.ScenarioController  : post special-steps
2018-12-13 12:41:46.957  INFO 5224 --- [http-nio-8080-exec-2] p.p.p.c.s.controller.ScenarioController  : post special-steps
2018-12-13 12:41:47.045  INFO 5224 --- [http-nio-8080-exec-4] p.p.p.c.s.controller.ScenarioController  : post special-steps
2018-12-13 12:41:47.190  INFO 5224 --- [http-nio-8080-exec-5] p.p.p.c.s.controller.ScenarioController  : post special-steps
2018-12-13 12:41:47.340  INFO 5224 --- [http-nio-8080-exec-6] p.p.p.c.s.controller.ScenarioController  : post special-steps
2018-12-13 12:41:47.482  INFO 5224 --- [http-nio-8080-exec-7] p.p.p.c.s.controller.ScenarioController  : post special-steps
2018-12-13 12:41:47.631  INFO 5224 --- [http-nio-8080-exec-8] p.p.p.c.s.controller.ScenarioController  : post special-steps
2018-12-13 12:41:47.754  INFO 5224 --- [http-nio-8080-exec-9] p.p.p.c.s.controller.ScenarioController  : post special-steps
2018-12-13 12:41:47.971  INFO 5224 --- [http-nio-8080-exec-10] p.p.p.c.s.controller.ScenarioController  : post special-steps
